{"meta": {"format": 3, "version": "7.10.7", "timestamp": "2025-10-03T17:08:17.689553", "branch_coverage": false, "show_contexts": false}, "files": {"the_alchemiser/orchestration/__init__.py": {"executed_lines": [1, 21, 27], "summary": {"covered_lines": 2, "num_statements": 9, "percent_covered": 22.22222222222222, "percent_covered_display": "22", "missing_lines": 7, "excluded_lines": 0}, "missing_lines": [29, 30, 32, 33, 34, 36, 37], "excluded_lines": [], "functions": {"__getattr__": {"executed_lines": [], "summary": {"covered_lines": 0, "num_statements": 7, "percent_covered": 0.0, "percent_covered_display": "0", "missing_lines": 7, "excluded_lines": 0}, "missing_lines": [29, 30, 32, 33, 34, 36, 37], "excluded_lines": []}, "": {"executed_lines": [1, 21, 27], "summary": {"covered_lines": 2, "num_statements": 2, "percent_covered": 100.0, "percent_covered_display": "100", "missing_lines": 0, "excluded_lines": 0}, "missing_lines": [], "excluded_lines": []}}, "classes": {"": {"executed_lines": [1, 21, 27], "summary": {"covered_lines": 2, "num_statements": 9, "percent_covered": 22.22222222222222, "percent_covered_display": "22", "missing_lines": 7, "excluded_lines": 0}, "missing_lines": [29, 30, 32, 33, 34, 36, 37], "excluded_lines": []}}}, "the_alchemiser/orchestration/display_utils.py": {"executed_lines": [], "summary": {"covered_lines": 0, "num_statements": 1, "percent_covered": 0.0, "percent_covered_display": "0", "missing_lines": 1, "excluded_lines": 0}, "missing_lines": [10], "excluded_lines": [], "functions": {"": {"executed_lines": [], "summary": {"covered_lines": 0, "num_statements": 1, "percent_covered": 0.0, "percent_covered_display": "0", "missing_lines": 1, "excluded_lines": 0}, "missing_lines": [10], "excluded_lines": []}}, "classes": {"": {"executed_lines": [], "summary": {"covered_lines": 0, "num_statements": 1, "percent_covered": 0.0, "percent_covered_display": "0", "missing_lines": 1, "excluded_lines": 0}, "missing_lines": [10], "excluded_lines": []}}}, "the_alchemiser/orchestration/event_driven_orchestrator.py": {"executed_lines": [2, 10, 12, 13, 14, 15, 16, 17, 19, 22, 33, 34, 37, 38, 40, 41, 42, 45, 46, 48, 51, 55, 56, 62, 78, 79, 80, 81, 83, 91, 92, 93, 96, 99, 101, 111, 112, 116, 117, 124, 131, 132, 135, 138, 142, 156, 159, 171, 174, 175, 178, 180, 207, 214, 218, 224, 225, 226, 227, 229, 231, 232, 235, 239, 280, 342, 345, 354, 356, 360, 367, 369, 370, 371, 386, 396, 406, 437, 445, 451, 456, 464, 467, 468, 471, 474, 476, 515, 575, 651, 670, 700, 707, 717, 718, 729, 730, 733, 736, 739, 748, 749, 757, 764, 767, 768, 777, 780, 783, 786, 795, 796, 802, 810, 811, 816, 817, 819, 821, 833, 843, 844, 846, 856, 857, 859, 869, 870, 872, 885, 886, 887, 888, 891, 892, 894, 902, 903], "summary": {"covered_lines": 132, "num_statements": 257, "percent_covered": 51.36186770428016, "percent_covered_display": "51", "missing_lines": 125, "excluded_lines": 2}, "missing_lines": [113, 186, 188, 189, 190, 191, 193, 194, 195, 196, 199, 201, 203, 204, 205, 237, 249, 251, 253, 255, 257, 271, 272, 274, 276, 277, 278, 293, 295, 297, 299, 301, 302, 305, 308, 311, 313, 326, 329, 332, 333, 335, 373, 377, 378, 413, 418, 428, 431, 432, 435, 446, 449, 484, 485, 488, 490, 495, 503, 506, 507, 510, 513, 522, 523, 528, 535, 538, 539, 542, 553, 554, 557, 560, 563, 565, 570, 573, 583, 584, 585, 587, 592, 593, 596, 599, 600, 602, 603, 605, 606, 607, 608, 609, 612, 613, 614, 616, 619, 620, 623, 641, 643, 647, 649, 653, 655, 661, 662, 663, 665, 667, 668, 677, 679, 686, 689, 690, 693, 697, 698, 719, 720, 799, 800], "excluded_lines": [19, 20], "functions": {"EventHandlerProtocol.handle_event": {"executed_lines": [], "summary": {"covered_lines": 0, "num_statements": 0, "percent_covered": 100.0, "percent_covered_display": "100", "missing_lines": 0, "excluded_lines": 0}, "missing_lines": [], "excluded_lines": []}, "EventHandlerProtocol.can_handle": {"executed_lines": [], "summary": {"covered_lines": 0, "num_statements": 0, "percent_covered": 100.0, "percent_covered_display": "100", "missing_lines": 0, "excluded_lines": 0}, "missing_lines": [], "excluded_lines": []}, "StateCheckingHandlerWrapper.__init__": {"executed_lines": [78, 79, 80, 81], "summary": {"covered_lines": 4, "num_statements": 4, "percent_covered": 100.0, "percent_covered_display": "100", "missing_lines": 0, "excluded_lines": 0}, "missing_lines": [], "excluded_lines": []}, "StateCheckingHandlerWrapper.handle_event": {"executed_lines": [91, 92, 93, 96, 99], "summary": {"covered_lines": 5, "num_statements": 5, "percent_covered": 100.0, "percent_covered_display": "100", "missing_lines": 0, "excluded_lines": 0}, "missing_lines": [], "excluded_lines": []}, "StateCheckingHandlerWrapper.can_handle": {"executed_lines": [111, 112], "summary": {"covered_lines": 2, "num_statements": 3, "percent_covered": 66.66666666666667, "percent_covered_display": "67", "missing_lines": 1, "excluded_lines": 0}, "missing_lines": [113], "excluded_lines": []}, "EventDrivenOrchestrator.__init__": {"executed_lines": [131, 132, 135, 138, 142, 156, 159, 171, 174, 175, 178], "summary": {"covered_lines": 11, "num_statements": 11, "percent_covered": 100.0, "percent_covered_display": "100", "missing_lines": 0, "excluded_lines": 0}, "missing_lines": [], "excluded_lines": []}, "EventDrivenOrchestrator._register_domain_handlers": {"executed_lines": [], "summary": {"covered_lines": 0, "num_statements": 14, "percent_covered": 0.0, "percent_covered_display": "0", "missing_lines": 14, "excluded_lines": 0}, "missing_lines": [186, 188, 189, 190, 191, 193, 194, 195, 196, 199, 201, 203, 204, 205], "excluded_lines": []}, "EventDrivenOrchestrator._wrap_handlers_with_state_checking": {"executed_lines": [214, 218, 224, 225, 226, 227, 229, 231, 232, 235], "summary": {"covered_lines": 10, "num_statements": 11, "percent_covered": 90.9090909090909, "percent_covered_display": "91", "missing_lines": 1, "excluded_lines": 0}, "missing_lines": [237], "excluded_lines": []}, "EventDrivenOrchestrator.start_trading_workflow": {"executed_lines": [], "summary": {"covered_lines": 0, "num_statements": 11, "percent_covered": 0.0, "percent_covered_display": "0", "missing_lines": 11, "excluded_lines": 0}, "missing_lines": [249, 251, 253, 255, 257, 271, 272, 274, 276, 277, 278], "excluded_lines": []}, "EventDrivenOrchestrator.wait_for_workflow_completion": {"executed_lines": [], "summary": {"covered_lines": 0, "num_statements": 15, "percent_covered": 0.0, "percent_covered_display": "0", "missing_lines": 15, "excluded_lines": 0}, "missing_lines": [293, 295, 297, 299, 301, 302, 305, 308, 311, 313, 326, 329, 332, 333, 335], "excluded_lines": []}, "EventDrivenOrchestrator._register_handlers": {"executed_lines": [345, 354, 356], "summary": {"covered_lines": 3, "num_statements": 3, "percent_covered": 100.0, "percent_covered_display": "100", "missing_lines": 0, "excluded_lines": 0}, "missing_lines": [], "excluded_lines": []}, "EventDrivenOrchestrator.handle_event": {"executed_lines": [367, 369, 370, 371], "summary": {"covered_lines": 4, "num_statements": 7, "percent_covered": 57.142857142857146, "percent_covered_display": "57", "missing_lines": 3, "excluded_lines": 0}, "missing_lines": [373, 377, 378], "excluded_lines": []}, "EventDrivenOrchestrator.can_handle": {"executed_lines": [396], "summary": {"covered_lines": 1, "num_statements": 1, "percent_covered": 100.0, "percent_covered_display": "100", "missing_lines": 0, "excluded_lines": 0}, "missing_lines": [], "excluded_lines": []}, "EventDrivenOrchestrator._handle_startup": {"executed_lines": [], "summary": {"covered_lines": 0, "num_statements": 6, "percent_covered": 0.0, "percent_covered_display": "0", "missing_lines": 6, "excluded_lines": 0}, "missing_lines": [413, 418, 428, 431, 432, 435], "excluded_lines": []}, "EventDrivenOrchestrator._handle_signal_generated": {"executed_lines": [445, 451, 456, 464, 467, 468, 471, 474], "summary": {"covered_lines": 8, "num_statements": 10, "percent_covered": 80.0, "percent_covered_display": "80", "missing_lines": 2, "excluded_lines": 0}, "missing_lines": [446, 449], "excluded_lines": []}, "EventDrivenOrchestrator._handle_rebalance_planned": {"executed_lines": [], "summary": {"covered_lines": 0, "num_statements": 10, "percent_covered": 0.0, "percent_covered_display": "0", "missing_lines": 10, "excluded_lines": 0}, "missing_lines": [484, 485, 488, 490, 495, 503, 506, 507, 510, 513], "excluded_lines": []}, "EventDrivenOrchestrator._handle_trade_executed": {"executed_lines": [], "summary": {"covered_lines": 0, "num_statements": 15, "percent_covered": 0.0, "percent_covered_display": "0", "missing_lines": 15, "excluded_lines": 0}, "missing_lines": [522, 523, 528, 535, 538, 539, 542, 553, 554, 557, 560, 563, 565, 570, 573], "excluded_lines": []}, "EventDrivenOrchestrator._send_trading_notification": {"executed_lines": [], "summary": {"covered_lines": 0, "num_statements": 27, "percent_covered": 0.0, "percent_covered_display": "0", "missing_lines": 27, "excluded_lines": 0}, "missing_lines": [583, 584, 585, 587, 592, 593, 596, 599, 600, 602, 603, 605, 606, 607, 608, 609, 612, 613, 614, 616, 619, 620, 623, 641, 643, 647, 649], "excluded_lines": []}, "EventDrivenOrchestrator._perform_reconciliation": {"executed_lines": [], "summary": {"covered_lines": 0, "num_statements": 8, "percent_covered": 0.0, "percent_covered_display": "0", "missing_lines": 8, "excluded_lines": 0}, "missing_lines": [653, 655, 661, 662, 663, 665, 667, 668], "excluded_lines": []}, "EventDrivenOrchestrator._trigger_recovery_workflow": {"executed_lines": [], "summary": {"covered_lines": 0, "num_statements": 8, "percent_covered": 0.0, "percent_covered_display": "0", "missing_lines": 8, "excluded_lines": 0}, "missing_lines": [677, 679, 686, 689, 690, 693, 697, 698], "excluded_lines": []}, "EventDrivenOrchestrator._handle_workflow_completed": {"executed_lines": [707, 717, 718, 729, 730, 733, 736, 739, 748, 749], "summary": {"covered_lines": 10, "num_statements": 12, "percent_covered": 83.33333333333333, "percent_covered_display": "83", "missing_lines": 2, "excluded_lines": 0}, "missing_lines": [719, 720], "excluded_lines": []}, "EventDrivenOrchestrator._handle_workflow_failed": {"executed_lines": [764, 767, 768, 777, 780, 783, 786, 795, 796], "summary": {"covered_lines": 9, "num_statements": 11, "percent_covered": 81.81818181818181, "percent_covered_display": "82", "missing_lines": 2, "excluded_lines": 0}, "missing_lines": [799, 800], "excluded_lines": []}, "EventDrivenOrchestrator.get_workflow_status": {"executed_lines": [810, 811, 816, 817, 819, 821], "summary": {"covered_lines": 6, "num_statements": 6, "percent_covered": 100.0, "percent_covered_display": "100", "missing_lines": 0, "excluded_lines": 0}, "missing_lines": [], "excluded_lines": []}, "EventDrivenOrchestrator.is_workflow_failed": {"executed_lines": [843, 844], "summary": {"covered_lines": 2, "num_statements": 2, "percent_covered": 100.0, "percent_covered_display": "100", "missing_lines": 0, "excluded_lines": 0}, "missing_lines": [], "excluded_lines": []}, "EventDrivenOrchestrator.is_workflow_active": {"executed_lines": [856, 857], "summary": {"covered_lines": 2, "num_statements": 2, "percent_covered": 100.0, "percent_covered_display": "100", "missing_lines": 0, "excluded_lines": 0}, "missing_lines": [], "excluded_lines": []}, "EventDrivenOrchestrator.get_workflow_state": {"executed_lines": [869, 870], "summary": {"covered_lines": 2, "num_statements": 2, "percent_covered": 100.0, "percent_covered_display": "100", "missing_lines": 0, "excluded_lines": 0}, "missing_lines": [], "excluded_lines": []}, "EventDrivenOrchestrator.cleanup_workflow_state": {"executed_lines": [885, 886, 887, 888, 891, 892], "summary": {"covered_lines": 6, "num_statements": 6, "percent_covered": 100.0, "percent_covered_display": "100", "missing_lines": 0, "excluded_lines": 0}, "missing_lines": [], "excluded_lines": []}, "EventDrivenOrchestrator._set_workflow_state": {"executed_lines": [902, 903], "summary": {"covered_lines": 2, "num_statements": 2, "percent_covered": 100.0, "percent_covered_display": "100", "missing_lines": 0, "excluded_lines": 0}, "missing_lines": [], "excluded_lines": []}, "": {"executed_lines": [2, 10, 12, 13, 14, 15, 16, 17, 19, 22, 33, 34, 37, 38, 40, 41, 42, 45, 46, 48, 51, 55, 56, 62, 83, 101, 116, 117, 124, 180, 207, 239, 280, 342, 360, 386, 406, 437, 476, 515, 575, 651, 670, 700, 757, 802, 833, 846, 859, 872, 894], "summary": {"covered_lines": 45, "num_statements": 45, "percent_covered": 100.0, "percent_covered_display": "100", "missing_lines": 0, "excluded_lines": 2}, "missing_lines": [], "excluded_lines": [19, 20]}}, "classes": {"WorkflowState": {"executed_lines": [], "summary": {"covered_lines": 0, "num_statements": 0, "percent_covered": 100.0, "percent_covered_display": "100", "missing_lines": 0, "excluded_lines": 0}, "missing_lines": [], "excluded_lines": []}, "EventHandlerProtocol": {"executed_lines": [], "summary": {"covered_lines": 0, "num_statements": 0, "percent_covered": 100.0, "percent_covered_display": "100", "missing_lines": 0, "excluded_lines": 0}, "missing_lines": [], "excluded_lines": []}, "StateCheckingHandlerWrapper": {"executed_lines": [78, 79, 80, 81, 91, 92, 93, 96, 99, 111, 112], "summary": {"covered_lines": 11, "num_statements": 12, "percent_covered": 91.66666666666667, "percent_covered_display": "92", "missing_lines": 1, "excluded_lines": 0}, "missing_lines": [113], "excluded_lines": []}, "EventDrivenOrchestrator": {"executed_lines": [131, 132, 135, 138, 142, 156, 159, 171, 174, 175, 178, 214, 218, 224, 225, 226, 227, 229, 231, 232, 235, 345, 354, 356, 367, 369, 370, 371, 396, 445, 451, 456, 464, 467, 468, 471, 474, 707, 717, 718, 729, 730, 733, 736, 739, 748, 749, 764, 767, 768, 777, 780, 783, 786, 795, 796, 810, 811, 816, 817, 819, 821, 843, 844, 856, 857, 869, 870, 885, 886, 887, 888, 891, 892, 902, 903], "summary": {"covered_lines": 76, "num_statements": 200, "percent_covered": 38.0, "percent_covered_display": "38", "missing_lines": 124, "excluded_lines": 0}, "missing_lines": [186, 188, 189, 190, 191, 193, 194, 195, 196, 199, 201, 203, 204, 205, 237, 249, 251, 253, 255, 257, 271, 272, 274, 276, 277, 278, 293, 295, 297, 299, 301, 302, 305, 308, 311, 313, 326, 329, 332, 333, 335, 373, 377, 378, 413, 418, 428, 431, 432, 435, 446, 449, 484, 485, 488, 490, 495, 503, 506, 507, 510, 513, 522, 523, 528, 535, 538, 539, 542, 553, 554, 557, 560, 563, 565, 570, 573, 583, 584, 585, 587, 592, 593, 596, 599, 600, 602, 603, 605, 606, 607, 608, 609, 612, 613, 614, 616, 619, 620, 623, 641, 643, 647, 649, 653, 655, 661, 662, 663, 665, 667, 668, 677, 679, 686, 689, 690, 693, 697, 698, 719, 720, 799, 800], "excluded_lines": []}, "": {"executed_lines": [2, 10, 12, 13, 14, 15, 16, 17, 19, 22, 33, 34, 37, 38, 40, 41, 42, 45, 46, 48, 51, 55, 56, 62, 83, 101, 116, 117, 124, 180, 207, 239, 280, 342, 360, 386, 406, 437, 476, 515, 575, 651, 670, 700, 757, 802, 833, 846, 859, 872, 894], "summary": {"covered_lines": 45, "num_statements": 45, "percent_covered": 100.0, "percent_covered_display": "100", "missing_lines": 0, "excluded_lines": 2}, "missing_lines": [], "excluded_lines": [19, 20]}}}, "the_alchemiser/orchestration/system.py": {"executed_lines": [], "summary": {"covered_lines": 0, "num_statements": 129, "percent_covered": 0.0, "percent_covered_display": "0", "missing_lines": 129, "excluded_lines": 2}, "missing_lines": [10, 12, 13, 14, 21, 22, 23, 24, 25, 28, 32, 33, 37, 40, 47, 54, 57, 60, 62, 69, 70, 71, 72, 73, 74, 75, 77, 79, 81, 82, 83, 85, 87, 88, 91, 95, 96, 98, 105, 106, 107, 108, 111, 114, 128, 129, 131, 133, 135, 154, 155, 156, 158, 159, 160, 165, 166, 173, 174, 181, 182, 189, 191, 192, 198, 218, 219, 220, 221, 224, 229, 233, 234, 235, 238, 241, 250, 254, 256, 257, 259, 260, 266, 276, 277, 278, 280, 282, 283, 285, 286, 288, 289, 291, 292, 294, 296, 297, 298, 299, 301, 309, 310, 311, 313, 322, 323, 325, 326, 328, 330, 331, 333, 347, 348, 349, 351, 352, 362, 363, 368, 369, 370, 372, 373, 374, 376, 378, 379], "excluded_lines": [16, 17], "functions": {"MinimalOrchestrator.__init__": {"executed_lines": [], "summary": {"covered_lines": 0, "num_statements": 1, "percent_covered": 0.0, "percent_covered_display": "0", "missing_lines": 1, "excluded_lines": 0}, "missing_lines": [54], "excluded_lines": []}, "TradingSystem.__init__": {"executed_lines": [], "summary": {"covered_lines": 0, "num_statements": 7, "percent_covered": 0.0, "percent_covered_display": "0", "missing_lines": 7, "excluded_lines": 0}, "missing_lines": [69, 70, 71, 72, 73, 74, 75], "excluded_lines": []}, "TradingSystem._initialize_di": {"executed_lines": [], "summary": {"covered_lines": 0, "num_statements": 4, "percent_covered": 0.0, "percent_covered_display": "0", "missing_lines": 4, "excluded_lines": 0}, "missing_lines": [79, 81, 82, 83], "excluded_lines": []}, "TradingSystem._initialize_event_orchestration": {"executed_lines": [], "summary": {"covered_lines": 0, "num_statements": 5, "percent_covered": 0.0, "percent_covered_display": "0", "missing_lines": 5, "excluded_lines": 0}, "missing_lines": [87, 88, 91, 95, 96], "excluded_lines": []}, "TradingSystem._emit_startup_event": {"executed_lines": [], "summary": {"covered_lines": 0, "num_statements": 10, "percent_covered": 0.0, "percent_covered_display": "0", "missing_lines": 10, "excluded_lines": 0}, "missing_lines": [105, 106, 107, 108, 111, 114, 128, 129, 131, 133], "excluded_lines": []}, "TradingSystem.execute_trading": {"executed_lines": [], "summary": {"covered_lines": 0, "num_statements": 15, "percent_covered": 0.0, "percent_covered_display": "0", "missing_lines": 15, "excluded_lines": 0}, "missing_lines": [154, 155, 156, 158, 159, 160, 165, 166, 173, 174, 181, 182, 189, 191, 192], "excluded_lines": []}, "TradingSystem._execute_trading_event_driven": {"executed_lines": [], "summary": {"covered_lines": 0, "num_statements": 21, "percent_covered": 0.0, "percent_covered_display": "0", "missing_lines": 21, "excluded_lines": 0}, "missing_lines": [218, 219, 220, 221, 224, 229, 233, 234, 235, 238, 241, 250, 254, 256, 257, 259, 260, 266, 276, 277, 278], "excluded_lines": []}, "TradingSystem._display_post_execution_tracking": {"executed_lines": [], "summary": {"covered_lines": 0, "num_statements": 13, "percent_covered": 0.0, "percent_covered_display": "0", "missing_lines": 13, "excluded_lines": 0}, "missing_lines": [282, 283, 285, 286, 288, 289, 291, 292, 294, 296, 297, 298, 299], "excluded_lines": []}, "TradingSystem._export_tracking_summary": {"executed_lines": [], "summary": {"covered_lines": 0, "num_statements": 11, "percent_covered": 0.0, "percent_covered_display": "0", "missing_lines": 11, "excluded_lines": 0}, "missing_lines": [309, 310, 311, 313, 322, 323, 325, 326, 328, 330, 331], "excluded_lines": []}, "TradingSystem._handle_trading_execution_error": {"executed_lines": [], "summary": {"covered_lines": 0, "num_statements": 16, "percent_covered": 0.0, "percent_covered_display": "0", "missing_lines": 16, "excluded_lines": 0}, "missing_lines": [347, 348, 349, 351, 352, 362, 363, 368, 369, 370, 372, 373, 374, 376, 378, 379], "excluded_lines": []}, "": {"executed_lines": [], "summary": {"covered_lines": 0, "num_statements": 26, "percent_covered": 0.0, "percent_covered_display": "0", "missing_lines": 26, "excluded_lines": 2}, "missing_lines": [10, 12, 13, 14, 21, 22, 23, 24, 25, 28, 32, 33, 37, 40, 47, 57, 60, 62, 77, 85, 98, 135, 198, 280, 301, 333], "excluded_lines": [16, 17]}}, "classes": {"MinimalOrchestrator": {"executed_lines": [], "summary": {"covered_lines": 0, "num_statements": 1, "percent_covered": 0.0, "percent_covered_display": "0", "missing_lines": 1, "excluded_lines": 0}, "missing_lines": [54], "excluded_lines": []}, "TradingSystem": {"executed_lines": [], "summary": {"covered_lines": 0, "num_statements": 102, "percent_covered": 0.0, "percent_covered_display": "0", "missing_lines": 102, "excluded_lines": 0}, "missing_lines": [69, 70, 71, 72, 73, 74, 75, 79, 81, 82, 83, 87, 88, 91, 95, 96, 105, 106, 107, 108, 111, 114, 128, 129, 131, 133, 154, 155, 156, 158, 159, 160, 165, 166, 173, 174, 181, 182, 189, 191, 192, 218, 219, 220, 221, 224, 229, 233, 234, 235, 238, 241, 250, 254, 256, 257, 259, 260, 266, 276, 277, 278, 282, 283, 285, 286, 288, 289, 291, 292, 294, 296, 297, 298, 299, 309, 310, 311, 313, 322, 323, 325, 326, 328, 330, 331, 347, 348, 349, 351, 352, 362, 363, 368, 369, 370, 372, 373, 374, 376, 378, 379], "excluded_lines": []}, "": {"executed_lines": [], "summary": {"covered_lines": 0, "num_statements": 26, "percent_covered": 0.0, "percent_covered_display": "0", "missing_lines": 26, "excluded_lines": 2}, "missing_lines": [10, 12, 13, 14, 21, 22, 23, 24, 25, 28, 32, 33, 37, 40, 47, 57, 60, 62, 77, 85, 98, 135, 198, 280, 301, 333], "excluded_lines": [16, 17]}}}, "the_alchemiser/orchestration/trading_orchestrator.py": {"executed_lines": [1, 10, 12, 13, 14, 16, 19, 20, 21, 23, 29, 30, 31, 33, 38, 43, 49, 50, 51, 53, 57, 58, 59, 61, 65, 66, 67, 68, 69, 70, 73, 74, 76, 95, 101, 102, 105, 113, 120, 121, 122, 123, 124, 125, 126, 127, 128, 138, 140, 142, 143, 146, 147, 148, 149, 151, 156, 157, 158, 167, 170, 181, 182, 183, 185, 196, 197, 198, 200, 201], "summary": {"covered_lines": 58, "num_statements": 64, "percent_covered": 90.625, "percent_covered_display": "91", "missing_lines": 6, "excluded_lines": 20}, "missing_lines": [134, 135, 136, 144, 171, 172], "excluded_lines": [23, 24, 25, 26, 33, 34, 35, 36, 38, 39, 40, 41, 43, 44, 45, 46, 53, 54, 61, 62], "functions": {"SignalOrchestratorLike.analyze_signals": {"executed_lines": [], "summary": {"covered_lines": 0, "num_statements": 0, "percent_covered": 100.0, "percent_covered_display": "100", "missing_lines": 0, "excluded_lines": 1}, "missing_lines": [], "excluded_lines": [26]}, "PortfolioOrchestratorLike.get_comprehensive_account_data": {"executed_lines": [], "summary": {"covered_lines": 0, "num_statements": 0, "percent_covered": 100.0, "percent_covered_display": "100", "missing_lines": 0, "excluded_lines": 1}, "missing_lines": [], "excluded_lines": [36]}, "PortfolioOrchestratorLike.analyze_allocation_comparison": {"executed_lines": [], "summary": {"covered_lines": 0, "num_statements": 0, "percent_covered": 100.0, "percent_covered_display": "100", "missing_lines": 0, "excluded_lines": 1}, "missing_lines": [], "excluded_lines": [41]}, "PortfolioOrchestratorLike.create_rebalance_plan": {"executed_lines": [], "summary": {"covered_lines": 0, "num_statements": 0, "percent_covered": 100.0, "percent_covered_display": "100", "missing_lines": 0, "excluded_lines": 1}, "missing_lines": [], "excluded_lines": [46]}, "ExecutionOrchestratorLike.execute_rebalance_plan": {"executed_lines": [], "summary": {"covered_lines": 0, "num_statements": 0, "percent_covered": 100.0, "percent_covered_display": "100", "missing_lines": 0, "excluded_lines": 1}, "missing_lines": [], "excluded_lines": [54]}, "NotificationServiceLike.notify": {"executed_lines": [], "summary": {"covered_lines": 0, "num_statements": 0, "percent_covered": 100.0, "percent_covered_display": "100", "missing_lines": 0, "excluded_lines": 1}, "missing_lines": [], "excluded_lines": [62]}, "TradingOrchestrator.__init__": {"executed_lines": [95, 101, 102, 105], "summary": {"covered_lines": 4, "num_statements": 4, "percent_covered": 100.0, "percent_covered_display": "100", "missing_lines": 0, "excluded_lines": 0}, "missing_lines": [], "excluded_lines": []}, "TradingOrchestrator.execute_strategy_signals": {"executed_lines": [120, 121, 122, 123, 124, 125, 126, 127, 128, 138], "summary": {"covered_lines": 10, "num_statements": 13, "percent_covered": 76.92307692307692, "percent_covered_display": "77", "missing_lines": 3, "excluded_lines": 0}, "missing_lines": [134, 135, 136], "excluded_lines": []}, "TradingOrchestrator.execute_strategy_signals_with_trading": {"executed_lines": [142, 143, 146, 147, 148, 149, 151, 156, 157, 158, 167, 170, 181, 182, 183, 185, 196, 197, 198, 200, 201], "summary": {"covered_lines": 21, "num_statements": 24, "percent_covered": 87.5, "percent_covered_display": "88", "missing_lines": 3, "excluded_lines": 0}, "missing_lines": [144, 171, 172], "excluded_lines": []}, "": {"executed_lines": [1, 10, 12, 13, 14, 16, 19, 20, 21, 23, 29, 30, 31, 33, 38, 43, 49, 50, 51, 53, 57, 58, 59, 61, 65, 66, 67, 68, 69, 70, 73, 74, 76, 113, 140], "summary": {"covered_lines": 23, "num_statements": 23, "percent_covered": 100.0, "percent_covered_display": "100", "missing_lines": 0, "excluded_lines": 14}, "missing_lines": [], "excluded_lines": [23, 24, 25, 33, 34, 35, 38, 39, 40, 43, 44, 45, 53, 61]}}, "classes": {"SignalOrchestratorLike": {"executed_lines": [], "summary": {"covered_lines": 0, "num_statements": 0, "percent_covered": 100.0, "percent_covered_display": "100", "missing_lines": 0, "excluded_lines": 1}, "missing_lines": [], "excluded_lines": [26]}, "PortfolioOrchestratorLike": {"executed_lines": [], "summary": {"covered_lines": 0, "num_statements": 0, "percent_covered": 100.0, "percent_covered_display": "100", "missing_lines": 0, "excluded_lines": 3}, "missing_lines": [], "excluded_lines": [36, 41, 46]}, "ExecutionOrchestratorLike": {"executed_lines": [], "summary": {"covered_lines": 0, "num_statements": 0, "percent_covered": 100.0, "percent_covered_display": "100", "missing_lines": 0, "excluded_lines": 1}, "missing_lines": [], "excluded_lines": [54]}, "NotificationServiceLike": {"executed_lines": [], "summary": {"covered_lines": 0, "num_statements": 0, "percent_covered": 100.0, "percent_covered_display": "100", "missing_lines": 0, "excluded_lines": 1}, "missing_lines": [], "excluded_lines": [62]}, "_Deps": {"executed_lines": [], "summary": {"covered_lines": 0, "num_statements": 0, "percent_covered": 100.0, "percent_covered_display": "100", "missing_lines": 0, "excluded_lines": 0}, "missing_lines": [], "excluded_lines": []}, "TradingOrchestrator": {"executed_lines": [95, 101, 102, 105, 120, 121, 122, 123, 124, 125, 126, 127, 128, 138, 142, 143, 146, 147, 148, 149, 151, 156, 157, 158, 167, 170, 181, 182, 183, 185, 196, 197, 198, 200, 201], "summary": {"covered_lines": 35, "num_statements": 41, "percent_covered": 85.36585365853658, "percent_covered_display": "85", "missing_lines": 6, "excluded_lines": 0}, "missing_lines": [134, 135, 136, 144, 171, 172], "excluded_lines": []}, "": {"executed_lines": [1, 10, 12, 13, 14, 16, 19, 20, 21, 23, 29, 30, 31, 33, 38, 43, 49, 50, 51, 53, 57, 58, 59, 61, 65, 66, 67, 68, 69, 70, 73, 74, 76, 113, 140], "summary": {"covered_lines": 23, "num_statements": 23, "percent_covered": 100.0, "percent_covered_display": "100", "missing_lines": 0, "excluded_lines": 14}, "missing_lines": [], "excluded_lines": [23, 24, 25, 33, 34, 35, 38, 39, 40, 43, 44, 45, 53, 61]}}}}, "totals": {"covered_lines": 192, "num_statements": 460, "percent_covered": 41.73913043478261, "percent_covered_display": "42", "missing_lines": 268, "excluded_lines": 24}}