Name                                                                      Stmts   Miss Branch BrPart  Cover
-----------------------------------------------------------------------------------------------------------
the_alchemiser/application/alpaca_client.py                                 168    168     48      0     0%
the_alchemiser/application/asset_order_handler.py                            91     91     24      0     0%
the_alchemiser/application/execution_manager.py                              50     39      8      0    19%
the_alchemiser/application/limit_order_handler.py                            93     93     30      0     0%
the_alchemiser/application/order_validation.py                              259    259     66      0     0%
the_alchemiser/application/order_validation_utils.py                         49     49     22      0     0%
the_alchemiser/application/portfolio_pnl_utils.py                            44     44     14      0     0%
the_alchemiser/application/portfolio_rebalancer/portfolio_rebalancer.py     271    258    102      0     3%
the_alchemiser/application/progressive_order_utils.py                       109    109     46      0     0%
the_alchemiser/application/reporting.py                                      64     56      8      0    11%
the_alchemiser/application/smart_execution.py                               231    231     68      0     0%
the_alchemiser/application/smart_pricing_handler.py                          60     60     14      0     0%
the_alchemiser/application/spread_assessment.py                              54     54     10      0     0%
the_alchemiser/application/tracking/integration.py                          102    102     16      0     0%
the_alchemiser/application/tracking/strategy_order_tracker.py               333    270     74      0    15%
the_alchemiser/application/trading_engine.py                                460    408    100      1     9%
the_alchemiser/application/types.py                                          14      0      0      0   100%
the_alchemiser/container/application_container.py                            30     16      4      0    41%
the_alchemiser/container/config_providers.py                                 21     10      4      0    44%
the_alchemiser/container/infrastructure_providers.py                         10      0      0      0   100%
the_alchemiser/container/service_providers.py                                14      0      0      0   100%
the_alchemiser/domain/interfaces/account_repository.py                       12      0      0      0   100%
the_alchemiser/domain/interfaces/market_data_repository.py                   11      0      0      0   100%
the_alchemiser/domain/interfaces/trading_repository.py                       16      0      0      0   100%
the_alchemiser/domain/math/asset_info.py                                     91     91     28      0     0%
the_alchemiser/domain/math/indicator_utils.py                                23     18      8      0    16%
the_alchemiser/domain/math/indicators.py                                     32     22      0      0    31%
the_alchemiser/domain/math/market_timing_utils.py                            34     34     14      0     0%
the_alchemiser/domain/math/math_utils.py                                     87     77     38      0     8%
the_alchemiser/domain/math/trading_math.py                                   44     39     12      0     9%
the_alchemiser/domain/models/account.py                                      40      7      0      0    82%
the_alchemiser/domain/models/market_data.py                                  74     26      4      0    62%
the_alchemiser/domain/models/order.py                                        57     21      6      0    57%
the_alchemiser/domain/models/position.py                                     38     10      2      0    70%
the_alchemiser/domain/models/strategy.py                                     66     21      6      0    62%
the_alchemiser/domain/registry/strategy_registry.py                          60     24     10      0    51%
the_alchemiser/domain/strategies/klm_ensemble_engine.py                     194    172     44      1    10%
the_alchemiser/domain/strategies/klm_trading_bot.py                         141    141     50      0     0%
the_alchemiser/domain/strategies/klm_workers/base_klm_variant.py            132     98     58      0    18%
the_alchemiser/domain/strategies/klm_workers/variant_410_38.py               26     20      6      0    19%
the_alchemiser/domain/strategies/klm_workers/variant_506_38.py               79     67     28      0    11%
the_alchemiser/domain/strategies/klm_workers/variant_520_22.py               84     71     32      0    11%
the_alchemiser/domain/strategies/klm_workers/variant_530_18.py              220    200     98      0     6%
the_alchemiser/domain/strategies/klm_workers/variant_830_21.py               95     82     40      0    10%
the_alchemiser/domain/strategies/klm_workers/variant_1200_28.py              84     71     32      0    11%
the_alchemiser/domain/strategies/klm_workers/variant_1280_26.py              75     63     28      0    12%
the_alchemiser/domain/strategies/klm_workers/variant_nova.py                 86     73     32      0    11%
the_alchemiser/domain/strategies/nuclear_signals.py                         188    154     60      0    14%
the_alchemiser/domain/strategies/strategy_engine.py                         250    224    104      0     7%
the_alchemiser/domain/strategies/strategy_manager.py                        292    270    100      1     6%
the_alchemiser/domain/strategies/tecl_signals.py                            112     89     30      0    16%
the_alchemiser/domain/strategies/tecl_strategy_engine.py                    197    178     52      1     8%
the_alchemiser/domain/types.py                                              283      0      0      0   100%
the_alchemiser/execution/account_service.py                                  49     35     14      0    22%
the_alchemiser/infrastructure/config/config.py                               71      0      0      0   100%
the_alchemiser/infrastructure/config/config_utils.py                         25     20      6      0    16%
the_alchemiser/infrastructure/config/execution_config.py                     35     13      2      0    59%
the_alchemiser/infrastructure/data_providers/data_provider.py               467    437    100      0     5%
the_alchemiser/infrastructure/logging/logging_utils.py                       78     37     24      4    48%
the_alchemiser/infrastructure/s3/s3_utils.py                                138    116     22      0    14%
the_alchemiser/infrastructure/secrets/secrets_manager.py                    136    110     46      2    15%
the_alchemiser/infrastructure/validation/indicator_validator.py             195    170     38      0    11%
the_alchemiser/interface/cli/cli.py                                         254    123     60     14    50%
the_alchemiser/interface/cli/cli_formatter.py                               274    244    100      3     9%
the_alchemiser/lambda_handler.py                                             76     76     18      0     0%
the_alchemiser/main.py                                                       82     59     12      1    26%
the_alchemiser/main_original_backup.py                                      255    255     54      0     0%
the_alchemiser/services/account_service.py                                   75     57     26      0    18%
the_alchemiser/services/account_utils.py                                     29     22      6      0    20%
the_alchemiser/services/alpaca_manager.py                                   301    255     58      0    13%
the_alchemiser/services/cache_manager.py                                     81     58     10      0    25%
the_alchemiser/services/config_service.py                                    20      8      2      0    55%
the_alchemiser/services/enhanced/account_service.py                         171    155     52      0     7%
the_alchemiser/services/enhanced/market_data_service.py                     110     94     36      0    11%
the_alchemiser/services/enhanced/order_service.py                           177    150     74      0    11%
the_alchemiser/services/enhanced/position_service.py                        210    175     78      0    12%
the_alchemiser/services/enhanced/trading_service_manager.py                 157    124     30      0    18%
the_alchemiser/services/error_handler.py                                    418    333    152      0    15%
the_alchemiser/services/error_handling.py                                   117    117     26      0     0%
the_alchemiser/services/error_monitoring.py                                 252    252     56      0     0%
the_alchemiser/services/error_recovery.py                                   272    272     66      0     0%
the_alchemiser/services/error_reporter.py                                    43     43      8      0     0%
the_alchemiser/services/exceptions.py                                       113     66     18      0    36%
the_alchemiser/services/market_data_client.py                                93     77     28      0    13%
the_alchemiser/services/position_manager.py                                 197    197     34      0     0%
the_alchemiser/services/price_fetching_utils.py                              89     89     20      0     0%
the_alchemiser/services/price_service.py                                    109    109     36      0     0%
the_alchemiser/services/price_utils.py                                       14     11      6      0    15%
the_alchemiser/services/retry_decorator.py                                   42     42     10      0     0%
the_alchemiser/services/secrets_service.py                                   14      8      2      0    38%
the_alchemiser/services/service_factory.py                                   21     10      4      0    44%
the_alchemiser/services/streaming_service.py                                 62     51     22      0    13%
the_alchemiser/services/trading_client_service.py                            38     29     12      0    18%
the_alchemiser/utils/common.py                                                5      0      0      0   100%
the_alchemiser/utils/num.py                                                   9      4      2      0    45%
-----------------------------------------------------------------------------------------------------------
TOTAL                                                                     11124   9183   2950     28    14%
