{"meta": {"format": 3, "version": "7.10.3", "timestamp": "2025-08-14T10:03:29.829663", "branch_coverage": true, "show_contexts": false}, "files": {"the_alchemiser/application/alpaca_client.py": {"executed_lines": [], "summary": {"covered_lines": 0, "num_statements": 168, "percent_covered": 0.0, "percent_covered_display": "0", "missing_lines": 168, "excluded_lines": 2, "num_branches": 48, "num_partial_branches": 0, "covered_branches": 0, "missing_branches": 48}, "missing_lines": [45, 46, 47, 52, 54, 55, 56, 61, 62, 63, 66, 67, 68, 69, 71, 74, 90, 103, 104, 105, 106, 109, 112, 113, 114, 117, 118, 120, 126, 128, 135, 136, 138, 140, 141, 142, 143, 144, 145, 146, 148, 153, 155, 156, 157, 159, 169, 170, 172, 174, 185, 186, 188, 190, 212, 213, 214, 215, 218, 219, 220, 221, 223, 224, 225, 226, 228, 230, 231, 232, 235, 236, 239, 240, 241, 242, 243, 246, 247, 250, 251, 252, 253, 254, 255, 258, 259, 260, 261, 262, 265, 269, 270, 271, 273, 274, 277, 278, 279, 281, 282, 284, 286, 288, 289, 290, 291, 293, 294, 296, 297, 298, 299, 302, 303, 304, 306, 307, 313, 314, 315, 317, 319, 320, 321, 323, 324, 326, 327, 330, 332, 334, 335, 336, 337, 338, 339, 341, 362, 366, 377, 378, 380, 381, 382, 385, 386, 389, 391, 394, 396, 410, 412, 414, 416, 418, 420, 426, 428, 435, 437, 439, 441, 451, 452, 453, 454, 455], "excluded_lines": [49, 50], "executed_branches": [], "missing_branches": [[141, 142], [141, 148], [169, 170], [169, 172], [213, 214], [213, 218], [218, 219], [218, 223], [220, 221], [220, 223], [223, 224], [223, 228], [225, 226], [225, 228], [230, 231], [230, 235], [235, 236], [235, 246], [239, 240], [239, 242], [242, 243], [242, 246], [246, 247], [246, 258], [250, 251], [250, 253], [253, 254], [253, 255], [258, 259], [258, 265], [260, 261], [260, 265], [269, 270], [269, 273], [273, 274], [273, 277], [288, 289], [288, 306], [293, 294], [293, 296], [306, 307], [306, 332], [313, 314], [313, 317], [380, 381], [380, 385], [385, 386], [385, 391]], "functions": {"AlpacaClient.__init__": {"executed_lines": [], "summary": {"covered_lines": 0, "num_statements": 10, "percent_covered": 0.0, "percent_covered_display": "0", "missing_lines": 10, "excluded_lines": 0, "num_branches": 0, "num_partial_branches": 0, "covered_branches": 0, "missing_branches": 0}, "missing_lines": [103, 104, 105, 106, 109, 112, 113, 114, 117, 118], "excluded_lines": [], "executed_branches": [], "missing_branches": []}, "AlpacaClient.get_current_positions": {"executed_lines": [], "summary": {"covered_lines": 0, "num_statements": 1, "percent_covered": 0.0, "percent_covered_display": "0", "missing_lines": 1, "excluded_lines": 0, "num_branches": 0, "num_partial_branches": 0, "covered_branches": 0, "missing_branches": 0}, "missing_lines": [126], "excluded_lines": [], "executed_branches": [], "missing_branches": []}, "AlpacaClient.get_pending_orders_validated": {"executed_lines": [], "summary": {"covered_lines": 0, "num_statements": 15, "percent_covered": 0.0, "percent_covered_display": "0", "missing_lines": 15, "excluded_lines": 0, "num_branches": 2, "num_partial_branches": 0, "covered_branches": 0, "missing_branches": 2}, "missing_lines": [135, 136, 138, 140, 141, 142, 143, 144, 145, 146, 148, 153, 155, 156, 157], "excluded_lines": [], "executed_branches": [], "missing_branches": [[141, 142], [141, 148]]}, "AlpacaClient.cancel_all_orders": {"executed_lines": [], "summary": {"covered_lines": 0, "num_statements": 3, "percent_covered": 0.0, "percent_covered_display": "0", "missing_lines": 3, "excluded_lines": 0, "num_branches": 2, "num_partial_branches": 0, "covered_branches": 0, "missing_branches": 2}, "missing_lines": [169, 170, 172], "excluded_lines": [], "executed_branches": [], "missing_branches": [[169, 170], [169, 172]]}, "AlpacaClient.liquidate_position": {"executed_lines": [], "summary": {"covered_lines": 0, "num_statements": 3, "percent_covered": 0.0, "percent_covered_display": "0", "missing_lines": 3, "excluded_lines": 0, "num_branches": 0, "num_partial_branches": 0, "covered_branches": 0, "missing_branches": 0}, "missing_lines": [185, 186, 188], "excluded_lines": [], "executed_branches": [], "missing_branches": []}, "AlpacaClient.place_market_order": {"executed_lines": [], "summary": {"covered_lines": 0, "num_statements": 83, "percent_covered": 0.0, "percent_covered_display": "0", "missing_lines": 83, "excluded_lines": 0, "num_branches": 40, "num_partial_branches": 0, "covered_branches": 0, "missing_branches": 40}, "missing_lines": [212, 213, 214, 215, 218, 219, 220, 221, 223, 224, 225, 226, 228, 230, 231, 232, 235, 236, 239, 240, 241, 242, 243, 246, 247, 250, 251, 252, 253, 254, 255, 258, 259, 260, 261, 262, 265, 269, 270, 271, 273, 274, 277, 278, 279, 281, 282, 284, 286, 288, 289, 290, 291, 293, 294, 296, 297, 298, 299, 302, 303, 304, 306, 307, 313, 314, 315, 317, 319, 320, 321, 323, 324, 326, 327, 330, 332, 334, 335, 336, 337, 338, 339], "excluded_lines": [], "executed_branches": [], "missing_branches": [[213, 214], [213, 218], [218, 219], [218, 223], [220, 221], [220, 223], [223, 224], [223, 228], [225, 226], [225, 228], [230, 231], [230, 235], [235, 236], [235, 246], [239, 240], [239, 242], [242, 243], [242, 246], [246, 247], [246, 258], [250, 251], [250, 253], [253, 254], [253, 255], [258, 259], [258, 265], [260, 261], [260, 265], [269, 270], [269, 273], [273, 274], [273, 277], [288, 289], [288, 306], [293, 294], [293, 296], [306, 307], [306, 332], [313, 314], [313, 317]]}, "AlpacaClient.place_limit_order": {"executed_lines": [], "summary": {"covered_lines": 0, "num_statements": 1, "percent_covered": 0.0, "percent_covered_display": "0", "missing_lines": 1, "excluded_lines": 0, "num_branches": 0, "num_partial_branches": 0, "covered_branches": 0, "missing_branches": 0}, "missing_lines": [362], "excluded_lines": [], "executed_branches": [], "missing_branches": []}, "AlpacaClient.place_smart_sell_order": {"executed_lines": [], "summary": {"covered_lines": 0, "num_statements": 10, "percent_covered": 0.0, "percent_covered_display": "0", "missing_lines": 10, "excluded_lines": 0, "num_branches": 4, "num_partial_branches": 0, "covered_branches": 0, "missing_branches": 4}, "missing_lines": [377, 378, 380, 381, 382, 385, 386, 389, 391, 394], "excluded_lines": [], "executed_branches": [], "missing_branches": [[380, 381], [380, 385], [385, 386], [385, 391]]}, "AlpacaClient.get_smart_limit_price": {"executed_lines": [], "summary": {"covered_lines": 0, "num_statements": 1, "percent_covered": 0.0, "percent_covered_display": "0", "missing_lines": 1, "excluded_lines": 0, "num_branches": 0, "num_partial_branches": 0, "covered_branches": 0, "missing_branches": 0}, "missing_lines": [410], "excluded_lines": [], "executed_branches": [], "missing_branches": []}, "AlpacaClient.get_aggressive_sell_price": {"executed_lines": [], "summary": {"covered_lines": 0, "num_statements": 1, "percent_covered": 0.0, "percent_covered_display": "0", "missing_lines": 1, "excluded_lines": 0, "num_branches": 0, "num_partial_branches": 0, "covered_branches": 0, "missing_branches": 0}, "missing_lines": [414], "excluded_lines": [], "executed_branches": [], "missing_branches": []}, "AlpacaClient.get_conservative_buy_price": {"executed_lines": [], "summary": {"covered_lines": 0, "num_statements": 1, "percent_covered": 0.0, "percent_covered_display": "0", "missing_lines": 1, "excluded_lines": 0, "num_branches": 0, "num_partial_branches": 0, "covered_branches": 0, "missing_branches": 0}, "missing_lines": [418], "excluded_lines": [], "executed_branches": [], "missing_branches": []}, "AlpacaClient.wait_for_order_completion": {"executed_lines": [], "summary": {"covered_lines": 0, "num_statements": 1, "percent_covered": 0.0, "percent_covered_display": "0", "missing_lines": 1, "excluded_lines": 0, "num_branches": 0, "num_partial_branches": 0, "covered_branches": 0, "missing_branches": 0}, "missing_lines": [426], "excluded_lines": [], "executed_branches": [], "missing_branches": []}, "AlpacaClient._prepare_websocket_connection": {"executed_lines": [], "summary": {"covered_lines": 0, "num_statements": 1, "percent_covered": 0.0, "percent_covered_display": "0", "missing_lines": 1, "excluded_lines": 0, "num_branches": 0, "num_partial_branches": 0, "covered_branches": 0, "missing_branches": 0}, "missing_lines": [435], "excluded_lines": [], "executed_branches": [], "missing_branches": []}, "AlpacaClient._cleanup_websocket_connection": {"executed_lines": [], "summary": {"covered_lines": 0, "num_statements": 1, "percent_covered": 0.0, "percent_covered_display": "0", "missing_lines": 1, "excluded_lines": 0, "num_branches": 0, "num_partial_branches": 0, "covered_branches": 0, "missing_branches": 0}, "missing_lines": [439], "excluded_lines": [], "executed_branches": [], "missing_branches": []}, "AlpacaClient.get_order_by_id": {"executed_lines": [], "summary": {"covered_lines": 0, "num_statements": 5, "percent_covered": 0.0, "percent_covered_display": "0", "missing_lines": 5, "excluded_lines": 0, "num_branches": 0, "num_partial_branches": 0, "covered_branches": 0, "missing_branches": 0}, "missing_lines": [451, 452, 453, 454, 455], "excluded_lines": [], "executed_branches": [], "missing_branches": []}, "": {"executed_lines": [], "summary": {"covered_lines": 0, "num_statements": 31, "percent_covered": 0.0, "percent_covered_display": "0", "missing_lines": 31, "excluded_lines": 2, "num_branches": 0, "num_partial_branches": 0, "covered_branches": 0, "missing_branches": 0}, "missing_lines": [45, 46, 47, 52, 54, 55, 56, 61, 62, 63, 66, 67, 68, 69, 71, 74, 90, 120, 128, 159, 174, 190, 341, 366, 396, 412, 416, 420, 428, 437, 441], "excluded_lines": [49, 50], "executed_branches": [], "missing_branches": []}}, "classes": {"AlpacaClient": {"executed_lines": [], "summary": {"covered_lines": 0, "num_statements": 137, "percent_covered": 0.0, "percent_covered_display": "0", "missing_lines": 137, "excluded_lines": 0, "num_branches": 48, "num_partial_branches": 0, "covered_branches": 0, "missing_branches": 48}, "missing_lines": [103, 104, 105, 106, 109, 112, 113, 114, 117, 118, 126, 135, 136, 138, 140, 141, 142, 143, 144, 145, 146, 148, 153, 155, 156, 157, 169, 170, 172, 185, 186, 188, 212, 213, 214, 215, 218, 219, 220, 221, 223, 224, 225, 226, 228, 230, 231, 232, 235, 236, 239, 240, 241, 242, 243, 246, 247, 250, 251, 252, 253, 254, 255, 258, 259, 260, 261, 262, 265, 269, 270, 271, 273, 274, 277, 278, 279, 281, 282, 284, 286, 288, 289, 290, 291, 293, 294, 296, 297, 298, 299, 302, 303, 304, 306, 307, 313, 314, 315, 317, 319, 320, 321, 323, 324, 326, 327, 330, 332, 334, 335, 336, 337, 338, 339, 362, 377, 378, 380, 381, 382, 385, 386, 389, 391, 394, 410, 414, 418, 426, 435, 439, 451, 452, 453, 454, 455], "excluded_lines": [], "executed_branches": [], "missing_branches": [[141, 142], [141, 148], [169, 170], [169, 172], [213, 214], [213, 218], [218, 219], [218, 223], [220, 221], [220, 223], [223, 224], [223, 228], [225, 226], [225, 228], [230, 231], [230, 235], [235, 236], [235, 246], [239, 240], [239, 242], [242, 243], [242, 246], [246, 247], [246, 258], [250, 251], [250, 253], [253, 254], [253, 255], [258, 259], [258, 265], [260, 261], [260, 265], [269, 270], [269, 273], [273, 274], [273, 277], [288, 289], [288, 306], [293, 294], [293, 296], [306, 307], [306, 332], [313, 314], [313, 317], [380, 381], [380, 385], [385, 386], [385, 391]]}, "": {"executed_lines": [], "summary": {"covered_lines": 0, "num_statements": 31, "percent_covered": 0.0, "percent_covered_display": "0", "missing_lines": 31, "excluded_lines": 2, "num_branches": 0, "num_partial_branches": 0, "covered_branches": 0, "missing_branches": 0}, "missing_lines": [45, 46, 47, 52, 54, 55, 56, 61, 62, 63, 66, 67, 68, 69, 71, 74, 90, 120, 128, 159, 174, 190, 341, 366, 396, 412, 416, 420, 428, 437, 441], "excluded_lines": [49, 50], "executed_branches": [], "missing_branches": []}}}, "the_alchemiser/application/asset_order_handler.py": {"executed_lines": [], "summary": {"covered_lines": 0, "num_statements": 91, "percent_covered": 0.0, "percent_covered_display": "0", "missing_lines": 91, "excluded_lines": 0, "num_branches": 24, "num_partial_branches": 0, "covered_branches": 0, "missing_branches": 24}, "missing_lines": [11, 12, 13, 15, 16, 18, 19, 20, 23, 28, 30, 32, 51, 52, 53, 54, 56, 58, 64, 65, 66, 67, 68, 69, 78, 79, 80, 81, 91, 94, 101, 102, 107, 114, 115, 118, 120, 121, 123, 127, 129, 133, 135, 139, 141, 156, 157, 159, 162, 163, 164, 165, 166, 167, 176, 177, 178, 179, 191, 193, 195, 196, 198, 205, 208, 210, 212, 226, 227, 230, 231, 235, 236, 237, 239, 240, 243, 245, 250, 252, 254, 269, 270, 272, 277, 278, 280, 281, 283, 284, 287], "excluded_lines": [], "executed_branches": [], "missing_branches": [[51, 52], [51, 53], [53, 54], [53, 56], [94, 101], [94, 118], [120, 121], [120, 123], [156, 157], [156, 159], [193, 195], [193, 210], [230, 231], [230, 250], [235, 236], [235, 252], [239, 240], [239, 245], [269, 270], [269, 272], [277, 278], [277, 287], [280, 281], [280, 283]], "functions": {"AssetOrderHandler.__init__": {"executed_lines": [], "summary": {"covered_lines": 0, "num_statements": 1, "percent_covered": 0.0, "percent_covered_display": "0", "missing_lines": 1, "excluded_lines": 0, "num_branches": 0, "num_partial_branches": 0, "covered_branches": 0, "missing_branches": 0}, "missing_lines": [30], "excluded_lines": [], "executed_branches": [], "missing_branches": []}, "AssetOrderHandler.prepare_market_order": {"executed_lines": [], "summary": {"covered_lines": 0, "num_statements": 5, "percent_covered": 0.0, "percent_covered_display": "0", "missing_lines": 5, "excluded_lines": 0, "num_branches": 4, "num_partial_branches": 0, "covered_branches": 0, "missing_branches": 4}, "missing_lines": [51, 52, 53, 54, 56], "excluded_lines": [], "executed_branches": [], "missing_branches": [[51, 52], [51, 53], [53, 54], [53, 56]]}, "AssetOrderHandler._prepare_quantity_order": {"executed_lines": [], "summary": {"covered_lines": 0, "num_statements": 22, "percent_covered": 0.0, "percent_covered_display": "0", "missing_lines": 22, "excluded_lines": 0, "num_branches": 4, "num_partial_branches": 0, "covered_branches": 0, "missing_branches": 4}, "missing_lines": [64, 65, 66, 67, 68, 69, 78, 79, 80, 81, 91, 94, 101, 102, 107, 114, 115, 118, 120, 121, 123, 127], "excluded_lines": [], "executed_branches": [], "missing_branches": [[94, 101], [94, 118], [120, 121], [120, 123]]}, "AssetOrderHandler._prepare_notional_order": {"executed_lines": [], "summary": {"covered_lines": 0, "num_statements": 3, "percent_covered": 0.0, "percent_covered_display": "0", "missing_lines": 3, "excluded_lines": 0, "num_branches": 0, "num_partial_branches": 0, "covered_branches": 0, "missing_branches": 0}, "missing_lines": [133, 135, 139], "excluded_lines": [], "executed_branches": [], "missing_branches": []}, "AssetOrderHandler.handle_fractionability_error": {"executed_lines": [], "summary": {"covered_lines": 0, "num_statements": 21, "percent_covered": 0.0, "percent_covered_display": "0", "missing_lines": 21, "excluded_lines": 0, "num_branches": 4, "num_partial_branches": 0, "covered_branches": 0, "missing_branches": 4}, "missing_lines": [156, 157, 159, 162, 163, 164, 165, 166, 167, 176, 177, 178, 179, 191, 193, 195, 196, 198, 205, 208, 210], "excluded_lines": [], "executed_branches": [], "missing_branches": [[156, 157], [156, 159], [193, 195], [193, 210]]}, "AssetOrderHandler.prepare_limit_order_quantity": {"executed_lines": [], "summary": {"covered_lines": 0, "num_statements": 13, "percent_covered": 0.0, "percent_covered_display": "0", "missing_lines": 13, "excluded_lines": 0, "num_branches": 6, "num_partial_branches": 0, "covered_branches": 0, "missing_branches": 6}, "missing_lines": [226, 227, 230, 231, 235, 236, 237, 239, 240, 243, 245, 250, 252], "excluded_lines": [], "executed_branches": [], "missing_branches": [[230, 231], [230, 250], [235, 236], [235, 252], [239, 240], [239, 245]]}, "AssetOrderHandler.handle_limit_order_fractionability_error": {"executed_lines": [], "summary": {"covered_lines": 0, "num_statements": 10, "percent_covered": 0.0, "percent_covered_display": "0", "missing_lines": 10, "excluded_lines": 0, "num_branches": 6, "num_partial_branches": 0, "covered_branches": 0, "missing_branches": 6}, "missing_lines": [269, 270, 272, 277, 278, 280, 281, 283, 284, 287], "excluded_lines": [], "executed_branches": [], "missing_branches": [[269, 270], [269, 272], [277, 278], [277, 287], [280, 281], [280, 283]]}, "": {"executed_lines": [], "summary": {"covered_lines": 0, "num_statements": 16, "percent_covered": 0.0, "percent_covered_display": "0", "missing_lines": 16, "excluded_lines": 0, "num_branches": 0, "num_partial_branches": 0, "covered_branches": 0, "missing_branches": 0}, "missing_lines": [11, 12, 13, 15, 16, 18, 19, 20, 23, 28, 32, 58, 129, 141, 212, 254], "excluded_lines": [], "executed_branches": [], "missing_branches": []}}, "classes": {"AssetOrderHandler": {"executed_lines": [], "summary": {"covered_lines": 0, "num_statements": 75, "percent_covered": 0.0, "percent_covered_display": "0", "missing_lines": 75, "excluded_lines": 0, "num_branches": 24, "num_partial_branches": 0, "covered_branches": 0, "missing_branches": 24}, "missing_lines": [30, 51, 52, 53, 54, 56, 64, 65, 66, 67, 68, 69, 78, 79, 80, 81, 91, 94, 101, 102, 107, 114, 115, 118, 120, 121, 123, 127, 133, 135, 139, 156, 157, 159, 162, 163, 164, 165, 166, 167, 176, 177, 178, 179, 191, 193, 195, 196, 198, 205, 208, 210, 226, 227, 230, 231, 235, 236, 237, 239, 240, 243, 245, 250, 252, 269, 270, 272, 277, 278, 280, 281, 283, 284, 287], "excluded_lines": [], "executed_branches": [], "missing_branches": [[51, 52], [51, 53], [53, 54], [53, 56], [94, 101], [94, 118], [120, 121], [120, 123], [156, 157], [156, 159], [193, 195], [193, 210], [230, 231], [230, 250], [235, 236], [235, 252], [239, 240], [239, 245], [269, 270], [269, 272], [277, 278], [277, 287], [280, 281], [280, 283]]}, "": {"executed_lines": [], "summary": {"covered_lines": 0, "num_statements": 16, "percent_covered": 0.0, "percent_covered_display": "0", "missing_lines": 16, "excluded_lines": 0, "num_branches": 0, "num_partial_branches": 0, "covered_branches": 0, "missing_branches": 0}, "missing_lines": [11, 12, 13, 15, 16, 18, 19, 20, 23, 28, 32, 58, 129, 141, 212, 254], "excluded_lines": [], "executed_branches": [], "missing_branches": []}}}, "the_alchemiser/application/execution_manager.py": {"executed_lines": [1, 3, 4, 6, 7, 8, 15, 16, 19, 20, 22, 27, 28], "summary": {"covered_lines": 11, "num_statements": 50, "percent_covered": 18.96551724137931, "percent_covered_display": "19", "missing_lines": 39, "excluded_lines": 0, "num_branches": 8, "num_partial_branches": 0, "covered_branches": 0, "missing_branches": 8}, "missing_lines": [25, 30, 31, 32, 33, 37, 40, 41, 42, 44, 45, 46, 49, 52, 53, 61, 62, 63, 64, 67, 77, 78, 79, 80, 81, 86, 87, 94, 95, 96, 101, 102, 111, 124, 134, 135, 140, 142, 150], "excluded_lines": [], "executed_branches": [], "missing_branches": [[32, 33], [32, 37], [40, 41], [40, 44], [45, 46], [45, 49], [61, 62], [61, 63]], "functions": {"ExecutionManager.__init__": {"executed_lines": [], "summary": {"covered_lines": 0, "num_statements": 1, "percent_covered": 0.0, "percent_covered_display": "0", "missing_lines": 1, "excluded_lines": 0, "num_branches": 0, "num_partial_branches": 0, "covered_branches": 0, "missing_branches": 0}, "missing_lines": [25], "excluded_lines": [], "executed_branches": [], "missing_branches": []}, "ExecutionManager.execute_multi_strategy": {"executed_lines": [], "summary": {"covered_lines": 0, "num_statements": 38, "percent_covered": 0.0, "percent_covered_display": "0", "missing_lines": 38, "excluded_lines": 0, "num_branches": 8, "num_partial_branches": 0, "covered_branches": 0, "missing_branches": 8}, "missing_lines": [30, 31, 32, 33, 37, 40, 41, 42, 44, 45, 46, 49, 52, 53, 61, 62, 63, 64, 67, 77, 78, 79, 80, 81, 86, 87, 94, 95, 96, 101, 102, 111, 124, 134, 135, 140, 142, 150], "excluded_lines": [], "executed_branches": [], "missing_branches": [[32, 33], [32, 37], [40, 41], [40, 44], [45, 46], [45, 49], [61, 62], [61, 63]]}, "": {"executed_lines": [1, 3, 4, 6, 7, 8, 15, 16, 19, 20, 22, 27, 28], "summary": {"covered_lines": 11, "num_statements": 11, "percent_covered": 100.0, "percent_covered_display": "100", "missing_lines": 0, "excluded_lines": 0, "num_branches": 0, "num_partial_branches": 0, "covered_branches": 0, "missing_branches": 0}, "missing_lines": [], "excluded_lines": [], "executed_branches": [], "missing_branches": []}}, "classes": {"ExecutionManager": {"executed_lines": [], "summary": {"covered_lines": 0, "num_statements": 39, "percent_covered": 0.0, "percent_covered_display": "0", "missing_lines": 39, "excluded_lines": 0, "num_branches": 8, "num_partial_branches": 0, "covered_branches": 0, "missing_branches": 8}, "missing_lines": [25, 30, 31, 32, 33, 37, 40, 41, 42, 44, 45, 46, 49, 52, 53, 61, 62, 63, 64, 67, 77, 78, 79, 80, 81, 86, 87, 94, 95, 96, 101, 102, 111, 124, 134, 135, 140, 142, 150], "excluded_lines": [], "executed_branches": [], "missing_branches": [[32, 33], [32, 37], [40, 41], [40, 44], [45, 46], [45, 49], [61, 62], [61, 63]]}, "": {"executed_lines": [1, 3, 4, 6, 7, 8, 15, 16, 19, 20, 22, 27, 28], "summary": {"covered_lines": 11, "num_statements": 11, "percent_covered": 100.0, "percent_covered_display": "100", "missing_lines": 0, "excluded_lines": 0, "num_branches": 0, "num_partial_branches": 0, "covered_branches": 0, "missing_branches": 0}, "missing_lines": [], "excluded_lines": [], "executed_branches": [], "missing_branches": []}}}, "the_alchemiser/application/limit_order_handler.py": {"executed_lines": [], "summary": {"covered_lines": 0, "num_statements": 93, "percent_covered": 0.0, "percent_covered_display": "0", "missing_lines": 93, "excluded_lines": 0, "num_branches": 30, "num_partial_branches": 0, "covered_branches": 0, "missing_branches": 30}, "missing_lines": [9, 10, 11, 13, 14, 16, 17, 18, 21, 26, 28, 29, 30, 31, 33, 55, 56, 57, 59, 60, 61, 63, 65, 66, 67, 69, 72, 73, 76, 77, 78, 79, 80, 81, 84, 88, 89, 90, 92, 93, 96, 98, 99, 110, 112, 116, 117, 120, 121, 125, 126, 127, 128, 131, 133, 138, 140, 142, 143, 144, 146, 150, 158, 160, 169, 170, 171, 173, 174, 176, 177, 180, 181, 186, 188, 192, 197, 198, 200, 201, 202, 204, 206, 214, 215, 216, 218, 219, 221, 222, 233, 236, 237], "excluded_lines": [], "executed_branches": [], "missing_branches": [[55, 56], [55, 59], [59, 60], [59, 63], [65, 66], [65, 72], [72, 73], [72, 84], [76, 77], [76, 79], [79, 80], [79, 81], [88, 89], [88, 92], [92, 93], [92, 96], [120, 121], [120, 138], [125, 126], [125, 140], [127, 128], [127, 133], [142, 143], [142, 146], [180, 181], [180, 186], [197, 198], [197, 236], [200, 201], [200, 204]], "functions": {"LimitOrderHandler.__init__": {"executed_lines": [], "summary": {"covered_lines": 0, "num_statements": 4, "percent_covered": 0.0, "percent_covered_display": "0", "missing_lines": 4, "excluded_lines": 0, "num_branches": 0, "num_partial_branches": 0, "covered_branches": 0, "missing_branches": 0}, "missing_lines": [28, 29, 30, 31], "excluded_lines": [], "executed_branches": [], "missing_branches": []}, "LimitOrderHandler.place_limit_order": {"executed_lines": [], "summary": {"covered_lines": 0, "num_statements": 29, "percent_covered": 0.0, "percent_covered_display": "0", "missing_lines": 29, "excluded_lines": 0, "num_branches": 16, "num_partial_branches": 0, "covered_branches": 0, "missing_branches": 16}, "missing_lines": [55, 56, 57, 59, 60, 61, 63, 65, 66, 67, 69, 72, 73, 76, 77, 78, 79, 80, 81, 84, 88, 89, 90, 92, 93, 96, 98, 99, 110], "excluded_lines": [], "executed_branches": [], "missing_branches": [[55, 56], [55, 59], [59, 60], [59, 63], [65, 66], [65, 72], [72, 73], [72, 84], [76, 77], [76, 79], [79, 80], [79, 81], [88, 89], [88, 92], [92, 93], [92, 96]]}, "LimitOrderHandler._prepare_limit_order": {"executed_lines": [], "summary": {"covered_lines": 0, "num_statements": 18, "percent_covered": 0.0, "percent_covered_display": "0", "missing_lines": 18, "excluded_lines": 0, "num_branches": 8, "num_partial_branches": 0, "covered_branches": 0, "missing_branches": 8}, "missing_lines": [116, 117, 120, 121, 125, 126, 127, 128, 131, 133, 138, 140, 142, 143, 144, 146, 150, 158], "excluded_lines": [], "executed_branches": [], "missing_branches": [[120, 121], [120, 138], [125, 126], [125, 140], [127, 128], [127, 133], [142, 143], [142, 146]]}, "LimitOrderHandler._submit_with_fallback": {"executed_lines": [], "summary": {"covered_lines": 0, "num_statements": 10, "percent_covered": 0.0, "percent_covered_display": "0", "missing_lines": 10, "excluded_lines": 0, "num_branches": 2, "num_partial_branches": 0, "covered_branches": 0, "missing_branches": 2}, "missing_lines": [169, 170, 171, 173, 174, 176, 177, 180, 181, 186], "excluded_lines": [], "executed_branches": [], "missing_branches": [[180, 181], [180, 186]]}, "LimitOrderHandler._handle_fractionable_fallback": {"executed_lines": [], "summary": {"covered_lines": 0, "num_statements": 18, "percent_covered": 0.0, "percent_covered_display": "0", "missing_lines": 18, "excluded_lines": 0, "num_branches": 4, "num_partial_branches": 0, "covered_branches": 0, "missing_branches": 4}, "missing_lines": [192, 197, 198, 200, 201, 202, 204, 206, 214, 215, 216, 218, 219, 221, 222, 233, 236, 237], "excluded_lines": [], "executed_branches": [], "missing_branches": [[197, 198], [197, 236], [200, 201], [200, 204]]}, "": {"executed_lines": [], "summary": {"covered_lines": 0, "num_statements": 14, "percent_covered": 0.0, "percent_covered_display": "0", "missing_lines": 14, "excluded_lines": 0, "num_branches": 0, "num_partial_branches": 0, "covered_branches": 0, "missing_branches": 0}, "missing_lines": [9, 10, 11, 13, 14, 16, 17, 18, 21, 26, 33, 112, 160, 188], "excluded_lines": [], "executed_branches": [], "missing_branches": []}}, "classes": {"LimitOrderHandler": {"executed_lines": [], "summary": {"covered_lines": 0, "num_statements": 79, "percent_covered": 0.0, "percent_covered_display": "0", "missing_lines": 79, "excluded_lines": 0, "num_branches": 30, "num_partial_branches": 0, "covered_branches": 0, "missing_branches": 30}, "missing_lines": [28, 29, 30, 31, 55, 56, 57, 59, 60, 61, 63, 65, 66, 67, 69, 72, 73, 76, 77, 78, 79, 80, 81, 84, 88, 89, 90, 92, 93, 96, 98, 99, 110, 116, 117, 120, 121, 125, 126, 127, 128, 131, 133, 138, 140, 142, 143, 144, 146, 150, 158, 169, 170, 171, 173, 174, 176, 177, 180, 181, 186, 192, 197, 198, 200, 201, 202, 204, 206, 214, 215, 216, 218, 219, 221, 222, 233, 236, 237], "excluded_lines": [], "executed_branches": [], "missing_branches": [[55, 56], [55, 59], [59, 60], [59, 63], [65, 66], [65, 72], [72, 73], [72, 84], [76, 77], [76, 79], [79, 80], [79, 81], [88, 89], [88, 92], [92, 93], [92, 96], [120, 121], [120, 138], [125, 126], [125, 140], [127, 128], [127, 133], [142, 143], [142, 146], [180, 181], [180, 186], [197, 198], [197, 236], [200, 201], [200, 204]]}, "": {"executed_lines": [], "summary": {"covered_lines": 0, "num_statements": 14, "percent_covered": 0.0, "percent_covered_display": "0", "missing_lines": 14, "excluded_lines": 0, "num_branches": 0, "num_partial_branches": 0, "covered_branches": 0, "missing_branches": 0}, "missing_lines": [9, 10, 11, 13, 14, 16, 17, 18, 21, 26, 33, 112, 160, 188], "excluded_lines": [], "executed_branches": [], "missing_branches": []}}}, "the_alchemiser/application/order_validation.py": {"executed_lines": [], "summary": {"covered_lines": 0, "num_statements": 259, "percent_covered": 0.0, "percent_covered_display": "0", "missing_lines": 259, "excluded_lines": 0, "num_branches": 66, "num_partial_branches": 0, "covered_branches": 0, "missing_branches": 66}, "missing_lines": [33, 34, 35, 36, 37, 38, 40, 42, 45, 48, 51, 54, 55, 58, 61, 62, 63, 64, 67, 70, 71, 72, 73, 74, 75, 78, 87, 88, 91, 92, 93, 94, 95, 98, 99, 102, 103, 104, 107, 108, 111, 112, 113, 115, 118, 119, 120, 122, 123, 124, 126, 127, 128, 129, 130, 131, 133, 134, 135, 137, 138, 139, 140, 142, 143, 144, 146, 147, 148, 149, 151, 152, 153, 155, 156, 157, 158, 160, 162, 176, 177, 179, 201, 202, 204, 206, 207, 208, 211, 212, 213, 214, 215, 217, 218, 221, 222, 223, 226, 228, 254, 255, 257, 258, 260, 262, 263, 265, 267, 268, 270, 272, 273, 275, 277, 278, 280, 282, 283, 285, 286, 287, 290, 293, 296, 297, 298, 299, 300, 303, 304, 307, 308, 309, 310, 313, 324, 326, 327, 329, 339, 340, 342, 344, 347, 348, 350, 352, 354, 356, 363, 364, 365, 366, 367, 368, 370, 372, 375, 376, 377, 381, 382, 387, 388, 391, 394, 395, 396, 399, 401, 403, 433, 435, 436, 437, 438, 441, 456, 457, 458, 461, 463, 464, 467, 468, 471, 472, 473, 474, 475, 476, 479, 486, 488, 489, 491, 508, 509, 510, 511, 512, 514, 515, 518, 519, 520, 521, 525, 530, 531, 532, 534, 535, 536, 537, 538, 539, 540, 543, 548, 549, 553, 554, 555, 556, 558, 560, 561, 563, 564, 567, 568, 569, 571, 572, 574, 583, 585, 586, 588, 590, 593, 606, 607, 608, 611, 624, 625, 627, 628, 629, 630, 631, 634, 635, 636, 637, 639], "excluded_lines": [], "executed_branches": [], "missing_branches": [[126, 127], [126, 128], [129, 130], [129, 131], [138, 139], [138, 140], [147, 148], [147, 149], [156, 157], [156, 158], [207, 208], [207, 211], [212, 213], [212, 217], [213, 212], [213, 214], [217, 218], [217, 221], [222, 223], [222, 226], [285, 286], [285, 287], [352, 354], [352, 356], [375, 376], [375, 387], [376, 377], [376, 381], [381, 382], [381, 387], [388, 391], [388, 394], [394, 395], [394, 401], [396, 399], [396, 401], [435, 436], [435, 437], [437, 438], [437, 441], [457, 458], [457, 461], [514, 515], [514, 518], [519, 520], [519, 525], [531, 532], [531, 567], [532, 534], [532, 560], [535, 536], [535, 558], [538, 539], [538, 543], [543, 548], [543, 553], [560, 531], [560, 561], [567, 568], [567, 571], [585, 586], [585, 588], [627, 628], [627, 639], [630, 631], [630, 634]], "functions": {"ValidatedOrder.validate_symbol": {"executed_lines": [], "summary": {"covered_lines": 0, "num_statements": 6, "percent_covered": 0.0, "percent_covered_display": "0", "missing_lines": 6, "excluded_lines": 0, "num_branches": 4, "num_partial_branches": 0, "covered_branches": 0, "missing_branches": 4}, "missing_lines": [126, 127, 128, 129, 130, 131], "excluded_lines": [], "executed_branches": [], "missing_branches": [[126, 127], [126, 128], [129, 130], [129, 131]]}, "ValidatedOrder.validate_limit_price": {"executed_lines": [], "summary": {"covered_lines": 0, "num_statements": 4, "percent_covered": 0.0, "percent_covered_display": "0", "missing_lines": 4, "excluded_lines": 0, "num_branches": 2, "num_partial_branches": 0, "covered_branches": 0, "missing_branches": 2}, "missing_lines": [137, 138, 139, 140], "excluded_lines": [], "executed_branches": [], "missing_branches": [[138, 139], [138, 140]]}, "ValidatedOrder.validate_stop_price": {"executed_lines": [], "summary": {"covered_lines": 0, "num_statements": 4, "percent_covered": 0.0, "percent_covered_display": "0", "missing_lines": 4, "excluded_lines": 0, "num_branches": 2, "num_partial_branches": 0, "covered_branches": 0, "missing_branches": 2}, "missing_lines": [146, 147, 148, 149], "excluded_lines": [], "executed_branches": [], "missing_branches": [[147, 148], [147, 149]]}, "ValidatedOrder.validate_filled_qty": {"executed_lines": [], "summary": {"covered_lines": 0, "num_statements": 4, "percent_covered": 0.0, "percent_covered_display": "0", "missing_lines": 4, "excluded_lines": 0, "num_branches": 2, "num_partial_branches": 0, "covered_branches": 0, "missing_branches": 2}, "missing_lines": [155, 156, 157, 158], "excluded_lines": [], "executed_branches": [], "missing_branches": [[156, 157], [156, 158]]}, "ValidatedOrder.to_order_details": {"executed_lines": [], "summary": {"covered_lines": 0, "num_statements": 1, "percent_covered": 0.0, "percent_covered_display": "0", "missing_lines": 1, "excluded_lines": 0, "num_branches": 0, "num_partial_branches": 0, "covered_branches": 0, "missing_branches": 0}, "missing_lines": [162], "excluded_lines": [], "executed_branches": [], "missing_branches": []}, "ValidatedOrder.from_order_details": {"executed_lines": [], "summary": {"covered_lines": 0, "num_statements": 1, "percent_covered": 0.0, "percent_covered_display": "0", "missing_lines": 1, "excluded_lines": 0, "num_branches": 0, "num_partial_branches": 0, "covered_branches": 0, "missing_branches": 0}, "missing_lines": [179], "excluded_lines": [], "executed_branches": [], "missing_branches": []}, "ValidatedOrder.from_dict": {"executed_lines": [], "summary": {"covered_lines": 0, "num_statements": 18, "percent_covered": 0.0, "percent_covered_display": "0", "missing_lines": 18, "excluded_lines": 0, "num_branches": 10, "num_partial_branches": 0, "covered_branches": 0, "missing_branches": 10}, "missing_lines": [204, 206, 207, 208, 211, 212, 213, 214, 215, 217, 218, 221, 222, 223, 226, 228, 254, 255], "excluded_lines": [], "executed_branches": [], "missing_branches": [[207, 208], [207, 211], [212, 213], [212, 217], [213, 212], [213, 214], [217, 218], [217, 221], [222, 223], [222, 226]]}, "ValidatedOrder.is_buy": {"executed_lines": [], "summary": {"covered_lines": 0, "num_statements": 1, "percent_covered": 0.0, "percent_covered_display": "0", "missing_lines": 1, "excluded_lines": 0, "num_branches": 0, "num_partial_branches": 0, "covered_branches": 0, "missing_branches": 0}, "missing_lines": [260], "excluded_lines": [], "executed_branches": [], "missing_branches": []}, "ValidatedOrder.is_sell": {"executed_lines": [], "summary": {"covered_lines": 0, "num_statements": 1, "percent_covered": 0.0, "percent_covered_display": "0", "missing_lines": 1, "excluded_lines": 0, "num_branches": 0, "num_partial_branches": 0, "covered_branches": 0, "missing_branches": 0}, "missing_lines": [265], "excluded_lines": [], "executed_branches": [], "missing_branches": []}, "ValidatedOrder.is_filled": {"executed_lines": [], "summary": {"covered_lines": 0, "num_statements": 1, "percent_covered": 0.0, "percent_covered_display": "0", "missing_lines": 1, "excluded_lines": 0, "num_branches": 0, "num_partial_branches": 0, "covered_branches": 0, "missing_branches": 0}, "missing_lines": [270], "excluded_lines": [], "executed_branches": [], "missing_branches": []}, "ValidatedOrder.is_active": {"executed_lines": [], "summary": {"covered_lines": 0, "num_statements": 1, "percent_covered": 0.0, "percent_covered_display": "0", "missing_lines": 1, "excluded_lines": 0, "num_branches": 0, "num_partial_branches": 0, "covered_branches": 0, "missing_branches": 0}, "missing_lines": [275], "excluded_lines": [], "executed_branches": [], "missing_branches": []}, "ValidatedOrder.remaining_qty": {"executed_lines": [], "summary": {"covered_lines": 0, "num_statements": 1, "percent_covered": 0.0, "percent_covered_display": "0", "missing_lines": 1, "excluded_lines": 0, "num_branches": 0, "num_partial_branches": 0, "covered_branches": 0, "missing_branches": 0}, "missing_lines": [280], "excluded_lines": [], "executed_branches": [], "missing_branches": []}, "ValidatedOrder.fill_percentage": {"executed_lines": [], "summary": {"covered_lines": 0, "num_statements": 3, "percent_covered": 0.0, "percent_covered_display": "0", "missing_lines": 3, "excluded_lines": 0, "num_branches": 2, "num_partial_branches": 0, "covered_branches": 0, "missing_branches": 2}, "missing_lines": [285, 286, 287], "excluded_lines": [], "executed_branches": [], "missing_branches": [[285, 286], [285, 287]]}, "OrderValidator.__init__": {"executed_lines": [], "summary": {"covered_lines": 0, "num_statements": 2, "percent_covered": 0.0, "percent_covered_display": "0", "missing_lines": 2, "excluded_lines": 0, "num_branches": 0, "num_partial_branches": 0, "covered_branches": 0, "missing_branches": 0}, "missing_lines": [326, 327], "excluded_lines": [], "executed_branches": [], "missing_branches": []}, "OrderValidator.validate_order_structure": {"executed_lines": [], "summary": {"covered_lines": 0, "num_statements": 16, "percent_covered": 0.0, "percent_covered_display": "0", "missing_lines": 16, "excluded_lines": 0, "num_branches": 2, "num_partial_branches": 0, "covered_branches": 0, "missing_branches": 2}, "missing_lines": [339, 340, 342, 344, 347, 348, 350, 352, 354, 356, 363, 364, 365, 366, 367, 368], "excluded_lines": [], "executed_branches": [], "missing_branches": [[352, 354], [352, 356]]}, "OrderValidator._validate_business_rules": {"executed_lines": [], "summary": {"covered_lines": 0, "num_statements": 14, "percent_covered": 0.0, "percent_covered_display": "0", "missing_lines": 14, "excluded_lines": 0, "num_branches": 12, "num_partial_branches": 0, "covered_branches": 0, "missing_branches": 12}, "missing_lines": [372, 375, 376, 377, 381, 382, 387, 388, 391, 394, 395, 396, 399, 401], "excluded_lines": [], "executed_branches": [], "missing_branches": [[375, 376], [375, 387], [376, 377], [376, 381], [381, 382], [381, 387], [388, 391], [388, 394], [394, 395], [394, 401], [396, 399], [396, 401]]}, "OrderValidator.create_validated_order": {"executed_lines": [], "summary": {"covered_lines": 0, "num_statements": 12, "percent_covered": 0.0, "percent_covered_display": "0", "missing_lines": 12, "excluded_lines": 0, "num_branches": 6, "num_partial_branches": 0, "covered_branches": 0, "missing_branches": 6}, "missing_lines": [433, 435, 436, 437, 438, 441, 456, 457, 458, 461, 463, 464], "excluded_lines": [], "executed_branches": [], "missing_branches": [[435, 436], [435, 437], [437, 438], [437, 441], [457, 458], [457, 461]]}, "OrderSettlementTracker.__init__": {"executed_lines": [], "summary": {"covered_lines": 0, "num_statements": 2, "percent_covered": 0.0, "percent_covered_display": "0", "missing_lines": 2, "excluded_lines": 0, "num_branches": 0, "num_partial_branches": 0, "covered_branches": 0, "missing_branches": 0}, "missing_lines": [488, 489], "excluded_lines": [], "executed_branches": [], "missing_branches": []}, "OrderSettlementTracker.wait_for_settlement": {"executed_lines": [], "summary": {"covered_lines": 0, "num_statements": 40, "percent_covered": 0.0, "percent_covered_display": "0", "missing_lines": 40, "excluded_lines": 0, "num_branches": 18, "num_partial_branches": 0, "covered_branches": 0, "missing_branches": 18}, "missing_lines": [508, 509, 510, 511, 512, 514, 515, 518, 519, 520, 521, 525, 530, 531, 532, 534, 535, 536, 537, 538, 539, 540, 543, 548, 549, 553, 554, 555, 556, 558, 560, 561, 563, 564, 567, 568, 569, 571, 572, 574], "excluded_lines": [], "executed_branches": [], "missing_branches": [[514, 515], [514, 518], [519, 520], [519, 525], [531, 532], [531, 567], [532, 534], [532, 560], [535, 536], [535, 558], [538, 539], [538, 543], [543, 548], [543, 553], [560, 531], [560, 561], [567, 568], [567, 571]]}, "OrderSettlementTracker._get_updated_order_status": {"executed_lines": [], "summary": {"covered_lines": 0, "num_statements": 8, "percent_covered": 0.0, "percent_covered_display": "0", "missing_lines": 8, "excluded_lines": 0, "num_branches": 2, "num_partial_branches": 0, "covered_branches": 0, "missing_branches": 2}, "missing_lines": [585, 586, 588, 590, 593, 606, 607, 608], "excluded_lines": [], "executed_branches": [], "missing_branches": [[585, 586], [585, 588]]}, "validate_order_list": {"executed_lines": [], "summary": {"covered_lines": 0, "num_statements": 12, "percent_covered": 0.0, "percent_covered_display": "0", "missing_lines": 12, "excluded_lines": 0, "num_branches": 4, "num_partial_branches": 0, "covered_branches": 0, "missing_branches": 4}, "missing_lines": [624, 625, 627, 628, 629, 630, 631, 634, 635, 636, 637, 639], "excluded_lines": [], "executed_branches": [], "missing_branches": [[627, 628], [627, 639], [630, 631], [630, 634]]}, "": {"executed_lines": [], "summary": {"covered_lines": 0, "num_statements": 107, "percent_covered": 0.0, "percent_covered_display": "0", "missing_lines": 107, "excluded_lines": 0, "num_branches": 0, "num_partial_branches": 0, "covered_branches": 0, "missing_branches": 0}, "missing_lines": [33, 34, 35, 36, 37, 38, 40, 42, 45, 48, 51, 54, 55, 58, 61, 62, 63, 64, 67, 70, 71, 72, 73, 74, 75, 78, 87, 88, 91, 92, 93, 94, 95, 98, 99, 102, 103, 104, 107, 108, 111, 112, 113, 115, 118, 119, 120, 122, 123, 124, 133, 134, 135, 142, 143, 144, 151, 152, 153, 160, 176, 177, 201, 202, 257, 258, 262, 263, 267, 268, 272, 273, 277, 278, 282, 283, 290, 293, 296, 297, 298, 299, 300, 303, 304, 307, 308, 309, 310, 313, 324, 329, 370, 403, 467, 468, 471, 472, 473, 474, 475, 476, 479, 486, 491, 583, 611], "excluded_lines": [], "executed_branches": [], "missing_branches": []}}, "classes": {"OrderValidationError": {"executed_lines": [], "summary": {"covered_lines": 0, "num_statements": 0, "percent_covered": 100.0, "percent_covered_display": "100", "missing_lines": 0, "excluded_lines": 0, "num_branches": 0, "num_partial_branches": 0, "covered_branches": 0, "missing_branches": 0}, "missing_lines": [], "excluded_lines": [], "executed_branches": [], "missing_branches": []}, "ValidatedOrderSide": {"executed_lines": [], "summary": {"covered_lines": 0, "num_statements": 0, "percent_covered": 100.0, "percent_covered_display": "100", "missing_lines": 0, "excluded_lines": 0, "num_branches": 0, "num_partial_branches": 0, "covered_branches": 0, "missing_branches": 0}, "missing_lines": [], "excluded_lines": [], "executed_branches": [], "missing_branches": []}, "ValidatedOrderType": {"executed_lines": [], "summary": {"covered_lines": 0, "num_statements": 0, "percent_covered": 100.0, "percent_covered_display": "100", "missing_lines": 0, "excluded_lines": 0, "num_branches": 0, "num_partial_branches": 0, "covered_branches": 0, "missing_branches": 0}, "missing_lines": [], "excluded_lines": [], "executed_branches": [], "missing_branches": []}, "OrderStatus": {"executed_lines": [], "summary": {"covered_lines": 0, "num_statements": 0, "percent_covered": 100.0, "percent_covered_display": "100", "missing_lines": 0, "excluded_lines": 0, "num_branches": 0, "num_partial_branches": 0, "covered_branches": 0, "missing_branches": 0}, "missing_lines": [], "excluded_lines": [], "executed_branches": [], "missing_branches": []}, "ValidatedOrder": {"executed_lines": [], "summary": {"covered_lines": 0, "num_statements": 46, "percent_covered": 0.0, "percent_covered_display": "0", "missing_lines": 46, "excluded_lines": 0, "num_branches": 22, "num_partial_branches": 0, "covered_branches": 0, "missing_branches": 22}, "missing_lines": [126, 127, 128, 129, 130, 131, 137, 138, 139, 140, 146, 147, 148, 149, 155, 156, 157, 158, 162, 179, 204, 206, 207, 208, 211, 212, 213, 214, 215, 217, 218, 221, 222, 223, 226, 228, 254, 255, 260, 265, 270, 275, 280, 285, 286, 287], "excluded_lines": [], "executed_branches": [], "missing_branches": [[126, 127], [126, 128], [129, 130], [129, 131], [138, 139], [138, 140], [147, 148], [147, 149], [156, 157], [156, 158], [207, 208], [207, 211], [212, 213], [212, 217], [213, 212], [213, 214], [217, 218], [217, 221], [222, 223], [222, 226], [285, 286], [285, 287]]}, "ValidatedOrder.Config": {"executed_lines": [], "summary": {"covered_lines": 0, "num_statements": 0, "percent_covered": 100.0, "percent_covered_display": "100", "missing_lines": 0, "excluded_lines": 0, "num_branches": 0, "num_partial_branches": 0, "covered_branches": 0, "missing_branches": 0}, "missing_lines": [], "excluded_lines": [], "executed_branches": [], "missing_branches": []}, "RiskLimits": {"executed_lines": [], "summary": {"covered_lines": 0, "num_statements": 0, "percent_covered": 100.0, "percent_covered_display": "100", "missing_lines": 0, "excluded_lines": 0, "num_branches": 0, "num_partial_branches": 0, "covered_branches": 0, "missing_branches": 0}, "missing_lines": [], "excluded_lines": [], "executed_branches": [], "missing_branches": []}, "ValidationResult": {"executed_lines": [], "summary": {"covered_lines": 0, "num_statements": 0, "percent_covered": 100.0, "percent_covered_display": "100", "missing_lines": 0, "excluded_lines": 0, "num_branches": 0, "num_partial_branches": 0, "covered_branches": 0, "missing_branches": 0}, "missing_lines": [], "excluded_lines": [], "executed_branches": [], "missing_branches": []}, "OrderValidator": {"executed_lines": [], "summary": {"covered_lines": 0, "num_statements": 44, "percent_covered": 0.0, "percent_covered_display": "0", "missing_lines": 44, "excluded_lines": 0, "num_branches": 20, "num_partial_branches": 0, "covered_branches": 0, "missing_branches": 20}, "missing_lines": [326, 327, 339, 340, 342, 344, 347, 348, 350, 352, 354, 356, 363, 364, 365, 366, 367, 368, 372, 375, 376, 377, 381, 382, 387, 388, 391, 394, 395, 396, 399, 401, 433, 435, 436, 437, 438, 441, 456, 457, 458, 461, 463, 464], "excluded_lines": [], "executed_branches": [], "missing_branches": [[352, 354], [352, 356], [375, 376], [375, 387], [376, 377], [376, 381], [381, 382], [381, 387], [388, 391], [388, 394], [394, 395], [394, 401], [396, 399], [396, 401], [435, 436], [435, 437], [437, 438], [437, 441], [457, 458], [457, 461]]}, "SettlementResult": {"executed_lines": [], "summary": {"covered_lines": 0, "num_statements": 0, "percent_covered": 100.0, "percent_covered_display": "100", "missing_lines": 0, "excluded_lines": 0, "num_branches": 0, "num_partial_branches": 0, "covered_branches": 0, "missing_branches": 0}, "missing_lines": [], "excluded_lines": [], "executed_branches": [], "missing_branches": []}, "OrderSettlementTracker": {"executed_lines": [], "summary": {"covered_lines": 0, "num_statements": 50, "percent_covered": 0.0, "percent_covered_display": "0", "missing_lines": 50, "excluded_lines": 0, "num_branches": 20, "num_partial_branches": 0, "covered_branches": 0, "missing_branches": 20}, "missing_lines": [488, 489, 508, 509, 510, 511, 512, 514, 515, 518, 519, 520, 521, 525, 530, 531, 532, 534, 535, 536, 537, 538, 539, 540, 543, 548, 549, 553, 554, 555, 556, 558, 560, 561, 563, 564, 567, 568, 569, 571, 572, 574, 585, 586, 588, 590, 593, 606, 607, 608], "excluded_lines": [], "executed_branches": [], "missing_branches": [[514, 515], [514, 518], [519, 520], [519, 525], [531, 532], [531, 567], [532, 534], [532, 560], [535, 536], [535, 558], [538, 539], [538, 543], [543, 548], [543, 553], [560, 531], [560, 561], [567, 568], [567, 571], [585, 586], [585, 588]]}, "": {"executed_lines": [], "summary": {"covered_lines": 0, "num_statements": 119, "percent_covered": 0.0, "percent_covered_display": "0", "missing_lines": 119, "excluded_lines": 0, "num_branches": 4, "num_partial_branches": 0, "covered_branches": 0, "missing_branches": 4}, "missing_lines": [33, 34, 35, 36, 37, 38, 40, 42, 45, 48, 51, 54, 55, 58, 61, 62, 63, 64, 67, 70, 71, 72, 73, 74, 75, 78, 87, 88, 91, 92, 93, 94, 95, 98, 99, 102, 103, 104, 107, 108, 111, 112, 113, 115, 118, 119, 120, 122, 123, 124, 133, 134, 135, 142, 143, 144, 151, 152, 153, 160, 176, 177, 201, 202, 257, 258, 262, 263, 267, 268, 272, 273, 277, 278, 282, 283, 290, 293, 296, 297, 298, 299, 300, 303, 304, 307, 308, 309, 310, 313, 324, 329, 370, 403, 467, 468, 471, 472, 473, 474, 475, 476, 479, 486, 491, 583, 611, 624, 625, 627, 628, 629, 630, 631, 634, 635, 636, 637, 639], "excluded_lines": [], "executed_branches": [], "missing_branches": [[627, 628], [627, 639], [630, 631], [630, 634]]}}}, "the_alchemiser/application/order_validation_utils.py": {"executed_lines": [], "summary": {"covered_lines": 0, "num_statements": 49, "percent_covered": 0.0, "percent_covered_display": "0", "missing_lines": 49, "excluded_lines": 0, "num_branches": 22, "num_partial_branches": 0, "covered_branches": 0, "missing_branches": 22}, "missing_lines": [10, 11, 12, 13, 16, 28, 29, 32, 33, 34, 37, 38, 39, 40, 41, 44, 45, 46, 48, 51, 63, 64, 67, 68, 69, 72, 73, 74, 75, 76, 79, 80, 81, 83, 86, 105, 106, 108, 109, 112, 113, 115, 118, 130, 132, 133, 134, 137, 140], "excluded_lines": [], "executed_branches": [], "missing_branches": [[28, 29], [28, 32], [32, 33], [32, 37], [44, 45], [44, 48], [63, 64], [63, 67], [67, 68], [67, 72], [79, 80], [79, 83], [105, 106], [105, 108], [108, 109], [108, 112], [112, 113], [112, 115], [130, 132], [130, 140], [133, 134], [133, 137]], "functions": {"validate_quantity": {"executed_lines": [], "summary": {"covered_lines": 0, "num_statements": 14, "percent_covered": 0.0, "percent_covered_display": "0", "missing_lines": 14, "excluded_lines": 0, "num_branches": 6, "num_partial_branches": 0, "covered_branches": 0, "missing_branches": 6}, "missing_lines": [28, 29, 32, 33, 34, 37, 38, 39, 40, 41, 44, 45, 46, 48], "excluded_lines": [], "executed_branches": [], "missing_branches": [[28, 29], [28, 32], [32, 33], [32, 37], [44, 45], [44, 48]]}, "validate_notional": {"executed_lines": [], "summary": {"covered_lines": 0, "num_statements": 14, "percent_covered": 0.0, "percent_covered_display": "0", "missing_lines": 14, "excluded_lines": 0, "num_branches": 6, "num_partial_branches": 0, "covered_branches": 0, "missing_branches": 6}, "missing_lines": [63, 64, 67, 68, 69, 72, 73, 74, 75, 76, 79, 80, 81, 83], "excluded_lines": [], "executed_branches": [], "missing_branches": [[63, 64], [63, 67], [67, 68], [67, 72], [79, 80], [79, 83]]}, "validate_order_parameters": {"executed_lines": [], "summary": {"covered_lines": 0, "num_statements": 7, "percent_covered": 0.0, "percent_covered_display": "0", "missing_lines": 7, "excluded_lines": 0, "num_branches": 6, "num_partial_branches": 0, "covered_branches": 0, "missing_branches": 6}, "missing_lines": [105, 106, 108, 109, 112, 113, 115], "excluded_lines": [], "executed_branches": [], "missing_branches": [[105, 106], [105, 108], [108, 109], [108, 112], [112, 113], [112, 115]]}, "round_quantity_for_asset": {"executed_lines": [], "summary": {"covered_lines": 0, "num_statements": 6, "percent_covered": 0.0, "percent_covered_display": "0", "missing_lines": 6, "excluded_lines": 0, "num_branches": 4, "num_partial_branches": 0, "covered_branches": 0, "missing_branches": 4}, "missing_lines": [130, 132, 133, 134, 137, 140], "excluded_lines": [], "executed_branches": [], "missing_branches": [[130, 132], [130, 140], [133, 134], [133, 137]]}, "": {"executed_lines": [], "summary": {"covered_lines": 0, "num_statements": 8, "percent_covered": 0.0, "percent_covered_display": "0", "missing_lines": 8, "excluded_lines": 0, "num_branches": 0, "num_partial_branches": 0, "covered_branches": 0, "missing_branches": 0}, "missing_lines": [10, 11, 12, 13, 16, 51, 86, 118], "excluded_lines": [], "executed_branches": [], "missing_branches": []}}, "classes": {"": {"executed_lines": [], "summary": {"covered_lines": 0, "num_statements": 49, "percent_covered": 0.0, "percent_covered_display": "0", "missing_lines": 49, "excluded_lines": 0, "num_branches": 22, "num_partial_branches": 0, "covered_branches": 0, "missing_branches": 22}, "missing_lines": [10, 11, 12, 13, 16, 28, 29, 32, 33, 34, 37, 38, 39, 40, 41, 44, 45, 46, 48, 51, 63, 64, 67, 68, 69, 72, 73, 74, 75, 76, 79, 80, 81, 83, 86, 105, 106, 108, 109, 112, 113, 115, 118, 130, 132, 133, 134, 137, 140], "excluded_lines": [], "executed_branches": [], "missing_branches": [[28, 29], [28, 32], [32, 33], [32, 37], [44, 45], [44, 48], [63, 64], [63, 67], [67, 68], [67, 72], [79, 80], [79, 83], [105, 106], [105, 108], [108, 109], [108, 112], [112, 113], [112, 115], [130, 132], [130, 140], [133, 134], [133, 137]]}}}, "the_alchemiser/application/portfolio_pnl_utils.py": {"executed_lines": [], "summary": {"covered_lines": 0, "num_statements": 44, "percent_covered": 0.0, "percent_covered_display": "0", "missing_lines": 44, "excluded_lines": 0, "num_branches": 14, "num_partial_branches": 0, "covered_branches": 0, "missing_branches": 14}, "missing_lines": [9, 10, 12, 18, 31, 32, 33, 36, 37, 38, 39, 41, 50, 51, 52, 63, 73, 74, 77, 81, 82, 83, 84, 85, 87, 88, 89, 90, 91, 93, 94, 96, 105, 121, 123, 124, 129, 130, 131, 132, 140, 147, 150, 162], "excluded_lines": [], "executed_branches": [], "missing_branches": [[81, 82], [81, 93], [83, 81], [83, 84], [84, 85], [84, 87], [88, 89], [88, 90], [90, 81], [90, 91], [123, 124], [123, 147], [131, 132], [131, 140]], "functions": {"calculate_strategy_pnl_summary": {"executed_lines": [], "summary": {"covered_lines": 0, "num_statements": 11, "percent_covered": 0.0, "percent_covered_display": "0", "missing_lines": 11, "excluded_lines": 0, "num_branches": 0, "num_partial_branches": 0, "covered_branches": 0, "missing_branches": 0}, "missing_lines": [31, 32, 33, 36, 37, 38, 39, 41, 50, 51, 52], "excluded_lines": [], "executed_branches": [], "missing_branches": []}, "extract_trading_summary": {"executed_lines": [], "summary": {"covered_lines": 0, "num_statements": 16, "percent_covered": 0.0, "percent_covered_display": "0", "missing_lines": 16, "excluded_lines": 0, "num_branches": 10, "num_partial_branches": 0, "covered_branches": 0, "missing_branches": 10}, "missing_lines": [73, 74, 77, 81, 82, 83, 84, 85, 87, 88, 89, 90, 91, 93, 94, 96], "excluded_lines": [], "executed_branches": [], "missing_branches": [[81, 82], [81, 93], [83, 81], [83, 84], [84, 85], [84, 87], [88, 89], [88, 90], [90, 81], [90, 91]]}, "build_strategy_summary": {"executed_lines": [], "summary": {"covered_lines": 0, "num_statements": 9, "percent_covered": 0.0, "percent_covered_display": "0", "missing_lines": 9, "excluded_lines": 0, "num_branches": 4, "num_partial_branches": 0, "covered_branches": 0, "missing_branches": 4}, "missing_lines": [121, 123, 124, 129, 130, 131, 132, 140, 147], "excluded_lines": [], "executed_branches": [], "missing_branches": [[123, 124], [123, 147], [131, 132], [131, 140]]}, "build_allocation_summary": {"executed_lines": [], "summary": {"covered_lines": 0, "num_statements": 1, "percent_covered": 0.0, "percent_covered_display": "0", "missing_lines": 1, "excluded_lines": 0, "num_branches": 0, "num_partial_branches": 0, "covered_branches": 0, "missing_branches": 0}, "missing_lines": [162], "excluded_lines": [], "executed_branches": [], "missing_branches": []}, "": {"executed_lines": [], "summary": {"covered_lines": 0, "num_statements": 7, "percent_covered": 0.0, "percent_covered_display": "0", "missing_lines": 7, "excluded_lines": 0, "num_branches": 0, "num_partial_branches": 0, "covered_branches": 0, "missing_branches": 0}, "missing_lines": [9, 10, 12, 18, 63, 105, 150], "excluded_lines": [], "executed_branches": [], "missing_branches": []}}, "classes": {"": {"executed_lines": [], "summary": {"covered_lines": 0, "num_statements": 44, "percent_covered": 0.0, "percent_covered_display": "0", "missing_lines": 44, "excluded_lines": 0, "num_branches": 14, "num_partial_branches": 0, "covered_branches": 0, "missing_branches": 14}, "missing_lines": [9, 10, 12, 18, 31, 32, 33, 36, 37, 38, 39, 41, 50, 51, 52, 63, 73, 74, 77, 81, 82, 83, 84, 85, 87, 88, 89, 90, 91, 93, 94, 96, 105, 121, 123, 124, 129, 130, 131, 132, 140, 147, 150, 162], "excluded_lines": [], "executed_branches": [], "missing_branches": [[81, 82], [81, 93], [83, 81], [83, 84], [84, 85], [84, 87], [88, 89], [88, 90], [90, 81], [90, 91], [123, 124], [123, 147], [131, 132], [131, 140]]}}}, "the_alchemiser/application/portfolio_rebalancer/portfolio_rebalancer.py": {"executed_lines": [2, 4, 5, 7, 9, 10, 11, 12, 15, 16, 18, 23, 64, 95, 122], "summary": {"covered_lines": 13, "num_statements": 271, "percent_covered": 3.485254691689008, "percent_covered_display": "3", "missing_lines": 258, "excluded_lines": 0, "num_branches": 102, "num_partial_branches": 0, "covered_branches": 0, "missing_branches": 102}, "missing_lines": [20, 21, 37, 39, 40, 45, 47, 48, 56, 57, 78, 80, 82, 83, 84, 86, 89, 91, 93, 108, 109, 110, 111, 114, 115, 116, 117, 120, 138, 141, 142, 143, 144, 146, 147, 150, 151, 154, 155, 156, 157, 158, 159, 160, 162, 164, 168, 171, 173, 174, 175, 176, 178, 179, 180, 181, 183, 184, 187, 192, 197, 198, 199, 200, 201, 204, 206, 207, 209, 210, 211, 213, 217, 218, 220, 221, 224, 225, 228, 229, 232, 233, 235, 249, 250, 251, 254, 255, 258, 259, 261, 263, 265, 267, 268, 269, 271, 272, 273, 276, 277, 280, 281, 282, 283, 285, 299, 300, 301, 304, 305, 307, 308, 310, 312, 315, 319, 320, 321, 329, 331, 334, 335, 336, 339, 340, 342, 343, 344, 345, 346, 347, 348, 349, 350, 352, 366, 367, 370, 371, 372, 373, 374, 378, 379, 381, 384, 385, 388, 390, 391, 392, 393, 395, 396, 397, 398, 400, 401, 403, 406, 411, 412, 413, 415, 416, 417, 418, 420, 421, 423, 424, 425, 427, 428, 431, 435, 436, 437, 446, 447, 452, 454, 455, 458, 462, 463, 466, 468, 469, 470, 471, 472, 476, 480, 481, 482, 485, 486, 487, 488, 489, 492, 497, 498, 501, 503, 506, 507, 508, 510, 512, 513, 517, 520, 525, 532, 534, 535, 536, 538, 539, 540, 542, 556, 557, 560, 563, 565, 566, 567, 568, 569, 573, 574, 582, 584, 585, 588, 589, 592, 593, 596, 598, 603, 604, 605, 606, 607, 608, 610, 612, 613, 616, 617, 620, 621, 625], "excluded_lines": [], "executed_branches": [], "missing_branches": [[39, 40], [39, 45], [45, 47], [45, 56], [82, 83], [82, 84], [84, 86], [84, 89], [89, 91], [89, 93], [108, 109], [108, 114], [110, 111], [110, 114], [114, 115], [114, 116], [116, 117], [116, 120], [142, 143], [142, 146], [154, 155], [154, 164], [155, 156], [155, 158], [158, 159], [158, 162], [171, 173], [171, 187], [173, 174], [173, 175], [175, 176], [175, 178], [197, 198], [197, 334], [204, 206], [204, 254], [206, 207], [206, 209], [210, 211], [210, 254], [218, 220], [218, 251], [254, 255], [254, 258], [258, 259], [258, 261], [263, 265], [263, 301], [269, 197], [269, 271], [301, 197], [301, 304], [305, 197], [305, 307], [307, 308], [307, 310], [319, 197], [319, 320], [334, 335], [334, 370], [340, 334], [340, 342], [371, 372], [371, 374], [388, 390], [388, 403], [390, 391], [390, 392], [392, 393], [392, 395], [416, 417], [416, 452], [417, 418], [417, 420], [423, 416], [423, 424], [425, 416], [425, 427], [435, 416], [435, 436], [452, 454], [452, 620], [462, 463], [462, 468], [497, 498], [497, 503], [512, 513], [512, 517], [532, 452], [532, 534], [566, 567], [566, 592], [574, 582], [574, 584], [603, 452], [603, 604], [605, 606], [605, 607], [607, 608], [607, 610], [612, 452], [612, 613]], "functions": {"PortfolioRebalancer.__init__": {"executed_lines": [], "summary": {"covered_lines": 0, "num_statements": 2, "percent_covered": 0.0, "percent_covered_display": "0", "missing_lines": 2, "excluded_lines": 0, "num_branches": 0, "num_partial_branches": 0, "covered_branches": 0, "missing_branches": 0}, "missing_lines": [20, 21], "excluded_lines": [], "executed_branches": [], "missing_branches": []}, "PortfolioRebalancer.calculate_position_delta": {"executed_lines": [], "summary": {"covered_lines": 0, "num_statements": 8, "percent_covered": 0.0, "percent_covered_display": "0", "missing_lines": 8, "excluded_lines": 0, "num_branches": 4, "num_partial_branches": 0, "covered_branches": 0, "missing_branches": 4}, "missing_lines": [37, 39, 40, 45, 47, 48, 56, 57], "excluded_lines": [], "executed_branches": [], "missing_branches": [[39, 40], [39, 45], [45, 47], [45, 56]]}, "PortfolioRebalancer.execute_smart_rebalance": {"executed_lines": [], "summary": {"covered_lines": 0, "num_statements": 9, "percent_covered": 0.0, "percent_covered_display": "0", "missing_lines": 9, "excluded_lines": 0, "num_branches": 6, "num_partial_branches": 0, "covered_branches": 0, "missing_branches": 6}, "missing_lines": [78, 80, 82, 83, 84, 86, 89, 91, 93], "excluded_lines": [], "executed_branches": [], "missing_branches": [[82, 83], [82, 84], [84, 86], [84, 89], [89, 91], [89, 93]]}, "PortfolioRebalancer._get_primary_strategy_for_symbol": {"executed_lines": [], "summary": {"covered_lines": 0, "num_statements": 9, "percent_covered": 0.0, "percent_covered_display": "0", "missing_lines": 9, "excluded_lines": 0, "num_branches": 8, "num_partial_branches": 0, "covered_branches": 0, "missing_branches": 8}, "missing_lines": [108, 109, 110, 111, 114, 115, 116, 117, 120], "excluded_lines": [], "executed_branches": [], "missing_branches": [[108, 109], [108, 114], [110, 111], [110, 114], [114, 115], [114, 116], [116, 117], [116, 120]]}, "PortfolioRebalancer.rebalance_portfolio": {"executed_lines": [], "summary": {"covered_lines": 0, "num_statements": 230, "percent_covered": 0.0, "percent_covered_display": "0", "missing_lines": 230, "excluded_lines": 0, "num_branches": 84, "num_partial_branches": 0, "covered_branches": 0, "missing_branches": 84}, "missing_lines": [138, 141, 142, 143, 144, 146, 147, 150, 151, 154, 155, 156, 157, 158, 159, 160, 162, 164, 168, 171, 173, 174, 175, 176, 178, 179, 180, 181, 183, 184, 187, 192, 197, 198, 199, 200, 201, 204, 206, 207, 209, 210, 211, 213, 217, 218, 220, 221, 224, 225, 228, 229, 232, 233, 235, 249, 250, 251, 254, 255, 258, 259, 261, 263, 265, 267, 268, 269, 271, 272, 273, 276, 277, 280, 281, 282, 283, 285, 299, 300, 301, 304, 305, 307, 308, 310, 312, 315, 319, 320, 321, 329, 331, 334, 335, 336, 339, 340, 342, 343, 344, 345, 346, 347, 348, 349, 350, 352, 366, 367, 370, 371, 372, 373, 374, 378, 379, 381, 384, 385, 388, 390, 391, 392, 393, 395, 396, 397, 398, 400, 401, 403, 406, 411, 412, 413, 415, 416, 417, 418, 420, 421, 423, 424, 425, 427, 428, 431, 435, 436, 437, 446, 447, 452, 454, 455, 458, 462, 463, 466, 468, 469, 470, 471, 472, 476, 480, 481, 482, 485, 486, 487, 488, 489, 492, 497, 498, 501, 503, 506, 507, 508, 510, 512, 513, 517, 520, 525, 532, 534, 535, 536, 538, 539, 540, 542, 556, 557, 560, 563, 565, 566, 567, 568, 569, 573, 574, 582, 584, 585, 588, 589, 592, 593, 596, 598, 603, 604, 605, 606, 607, 608, 610, 612, 613, 616, 617, 620, 621, 625], "excluded_lines": [], "executed_branches": [], "missing_branches": [[142, 143], [142, 146], [154, 155], [154, 164], [155, 156], [155, 158], [158, 159], [158, 162], [171, 173], [171, 187], [173, 174], [173, 175], [175, 176], [175, 178], [197, 198], [197, 334], [204, 206], [204, 254], [206, 207], [206, 209], [210, 211], [210, 254], [218, 220], [218, 251], [254, 255], [254, 258], [258, 259], [258, 261], [263, 265], [263, 301], [269, 197], [269, 271], [301, 197], [301, 304], [305, 197], [305, 307], [307, 308], [307, 310], [319, 197], [319, 320], [334, 335], [334, 370], [340, 334], [340, 342], [371, 372], [371, 374], [388, 390], [388, 403], [390, 391], [390, 392], [392, 393], [392, 395], [416, 417], [416, 452], [417, 418], [417, 420], [423, 416], [423, 424], [425, 416], [425, 427], [435, 416], [435, 436], [452, 454], [452, 620], [462, 463], [462, 468], [497, 498], [497, 503], [512, 513], [512, 517], [532, 452], [532, 534], [566, 567], [566, 592], [574, 582], [574, 584], [603, 452], [603, 604], [605, 606], [605, 607], [607, 608], [607, 610], [612, 452], [612, 613]]}, "": {"executed_lines": [2, 4, 5, 7, 9, 10, 11, 12, 15, 16, 18, 23, 64, 95, 122], "summary": {"covered_lines": 13, "num_statements": 13, "percent_covered": 100.0, "percent_covered_display": "100", "missing_lines": 0, "excluded_lines": 0, "num_branches": 0, "num_partial_branches": 0, "covered_branches": 0, "missing_branches": 0}, "missing_lines": [], "excluded_lines": [], "executed_branches": [], "missing_branches": []}}, "classes": {"PortfolioRebalancer": {"executed_lines": [], "summary": {"covered_lines": 0, "num_statements": 258, "percent_covered": 0.0, "percent_covered_display": "0", "missing_lines": 258, "excluded_lines": 0, "num_branches": 102, "num_partial_branches": 0, "covered_branches": 0, "missing_branches": 102}, "missing_lines": [20, 21, 37, 39, 40, 45, 47, 48, 56, 57, 78, 80, 82, 83, 84, 86, 89, 91, 93, 108, 109, 110, 111, 114, 115, 116, 117, 120, 138, 141, 142, 143, 144, 146, 147, 150, 151, 154, 155, 156, 157, 158, 159, 160, 162, 164, 168, 171, 173, 174, 175, 176, 178, 179, 180, 181, 183, 184, 187, 192, 197, 198, 199, 200, 201, 204, 206, 207, 209, 210, 211, 213, 217, 218, 220, 221, 224, 225, 228, 229, 232, 233, 235, 249, 250, 251, 254, 255, 258, 259, 261, 263, 265, 267, 268, 269, 271, 272, 273, 276, 277, 280, 281, 282, 283, 285, 299, 300, 301, 304, 305, 307, 308, 310, 312, 315, 319, 320, 321, 329, 331, 334, 335, 336, 339, 340, 342, 343, 344, 345, 346, 347, 348, 349, 350, 352, 366, 367, 370, 371, 372, 373, 374, 378, 379, 381, 384, 385, 388, 390, 391, 392, 393, 395, 396, 397, 398, 400, 401, 403, 406, 411, 412, 413, 415, 416, 417, 418, 420, 421, 423, 424, 425, 427, 428, 431, 435, 436, 437, 446, 447, 452, 454, 455, 458, 462, 463, 466, 468, 469, 470, 471, 472, 476, 480, 481, 482, 485, 486, 487, 488, 489, 492, 497, 498, 501, 503, 506, 507, 508, 510, 512, 513, 517, 520, 525, 532, 534, 535, 536, 538, 539, 540, 542, 556, 557, 560, 563, 565, 566, 567, 568, 569, 573, 574, 582, 584, 585, 588, 589, 592, 593, 596, 598, 603, 604, 605, 606, 607, 608, 610, 612, 613, 616, 617, 620, 621, 625], "excluded_lines": [], "executed_branches": [], "missing_branches": [[39, 40], [39, 45], [45, 47], [45, 56], [82, 83], [82, 84], [84, 86], [84, 89], [89, 91], [89, 93], [108, 109], [108, 114], [110, 111], [110, 114], [114, 115], [114, 116], [116, 117], [116, 120], [142, 143], [142, 146], [154, 155], [154, 164], [155, 156], [155, 158], [158, 159], [158, 162], [171, 173], [171, 187], [173, 174], [173, 175], [175, 176], [175, 178], [197, 198], [197, 334], [204, 206], [204, 254], [206, 207], [206, 209], [210, 211], [210, 254], [218, 220], [218, 251], [254, 255], [254, 258], [258, 259], [258, 261], [263, 265], [263, 301], [269, 197], [269, 271], [301, 197], [301, 304], [305, 197], [305, 307], [307, 308], [307, 310], [319, 197], [319, 320], [334, 335], [334, 370], [340, 334], [340, 342], [371, 372], [371, 374], [388, 390], [388, 403], [390, 391], [390, 392], [392, 393], [392, 395], [416, 417], [416, 452], [417, 418], [417, 420], [423, 416], [423, 424], [425, 416], [425, 427], [435, 416], [435, 436], [452, 454], [452, 620], [462, 463], [462, 468], [497, 498], [497, 503], [512, 513], [512, 517], [532, 452], [532, 534], [566, 567], [566, 592], [574, 582], [574, 584], [603, 452], [603, 604], [605, 606], [605, 607], [607, 608], [607, 610], [612, 452], [612, 613]]}, "": {"executed_lines": [2, 4, 5, 7, 9, 10, 11, 12, 15, 16, 18, 23, 64, 95, 122], "summary": {"covered_lines": 13, "num_statements": 13, "percent_covered": 100.0, "percent_covered_display": "100", "missing_lines": 0, "excluded_lines": 0, "num_branches": 0, "num_partial_branches": 0, "covered_branches": 0, "missing_branches": 0}, "missing_lines": [], "excluded_lines": [], "executed_branches": [], "missing_branches": []}}}, "the_alchemiser/application/progressive_order_utils.py": {"executed_lines": [], "summary": {"covered_lines": 0, "num_statements": 109, "percent_covered": 0.0, "percent_covered_display": "0", "missing_lines": 109, "excluded_lines": 0, "num_branches": 46, "num_partial_branches": 0, "covered_branches": 0, "missing_branches": 46}, "missing_lines": [11, 12, 13, 15, 18, 19, 22, 23, 24, 25, 27, 30, 36, 46, 48, 51, 52, 53, 54, 57, 58, 61, 62, 64, 83, 85, 87, 88, 91, 92, 94, 96, 109, 110, 112, 113, 114, 115, 117, 119, 144, 147, 150, 152, 158, 164, 167, 170, 172, 173, 175, 178, 180, 181, 183, 186, 189, 192, 195, 196, 197, 198, 201, 202, 203, 204, 205, 206, 208, 211, 213, 215, 216, 218, 221, 223, 225, 232, 234, 236, 257, 258, 260, 262, 264, 265, 266, 269, 271, 272, 273, 276, 278, 292, 293, 295, 296, 297, 298, 300, 303, 313, 314, 316, 321, 323, 324, 326, 329], "excluded_lines": [], "executed_branches": [], "missing_branches": [[83, 85], [83, 87], [87, 88], [87, 91], [109, 110], [109, 112], [170, 172], [170, 173], [173, 175], [173, 178], [178, 180], [178, 181], [181, 183], [181, 186], [195, 196], [195, 197], [197, 198], [197, 201], [201, 202], [201, 203], [203, 204], [203, 205], [205, 206], [205, 208], [213, 215], [213, 216], [216, 218], [216, 221], [221, 223], [221, 225], [260, 262], [260, 269], [264, 265], [264, 276], [271, 272], [271, 276], [295, 296], [295, 297], [297, 298], [297, 300], [313, 314], [313, 321], [321, 323], [321, 324], [324, 326], [324, 329]], "functions": {"OrderExecutionParams.__str__": {"executed_lines": [], "summary": {"covered_lines": 0, "num_statements": 1, "percent_covered": 0.0, "percent_covered_display": "0", "missing_lines": 1, "excluded_lines": 0, "num_branches": 0, "num_partial_branches": 0, "covered_branches": 0, "missing_branches": 0}, "missing_lines": [30], "excluded_lines": [], "executed_branches": [], "missing_branches": []}, "ProgressiveOrderCalculator.__init__": {"executed_lines": [], "summary": {"covered_lines": 0, "num_statements": 9, "percent_covered": 0.0, "percent_covered_display": "0", "missing_lines": 9, "excluded_lines": 0, "num_branches": 0, "num_partial_branches": 0, "covered_branches": 0, "missing_branches": 0}, "missing_lines": [48, 51, 52, 53, 54, 57, 58, 61, 62], "excluded_lines": [], "executed_branches": [], "missing_branches": []}, "ProgressiveOrderCalculator.calculate_volatility_metric": {"executed_lines": [], "summary": {"covered_lines": 0, "num_statements": 7, "percent_covered": 0.0, "percent_covered_display": "0", "missing_lines": 7, "excluded_lines": 0, "num_branches": 4, "num_partial_branches": 0, "covered_branches": 0, "missing_branches": 4}, "missing_lines": [83, 85, 87, 88, 91, 92, 94], "excluded_lines": [], "executed_branches": [], "missing_branches": [[83, 85], [83, 87], [87, 88], [87, 91]]}, "ProgressiveOrderCalculator.calculate_spread_metric": {"executed_lines": [], "summary": {"covered_lines": 0, "num_statements": 7, "percent_covered": 0.0, "percent_covered_display": "0", "missing_lines": 7, "excluded_lines": 0, "num_branches": 2, "num_partial_branches": 0, "covered_branches": 0, "missing_branches": 2}, "missing_lines": [109, 110, 112, 113, 114, 115, 117], "excluded_lines": [], "executed_branches": [], "missing_branches": [[109, 110], [109, 112]]}, "ProgressiveOrderCalculator.calculate_execution_params": {"executed_lines": [], "summary": {"covered_lines": 0, "num_statements": 39, "percent_covered": 0.0, "percent_covered_display": "0", "missing_lines": 39, "excluded_lines": 0, "num_branches": 24, "num_partial_branches": 0, "covered_branches": 0, "missing_branches": 24}, "missing_lines": [144, 147, 150, 152, 158, 164, 167, 170, 172, 173, 175, 178, 180, 181, 183, 186, 189, 192, 195, 196, 197, 198, 201, 202, 203, 204, 205, 206, 208, 211, 213, 215, 216, 218, 221, 223, 225, 232, 234], "excluded_lines": [], "executed_branches": [], "missing_branches": [[170, 172], [170, 173], [173, 175], [173, 178], [178, 180], [178, 181], [181, 183], [181, 186], [195, 196], [195, 197], [197, 198], [197, 201], [201, 202], [201, 203], [203, 204], [203, 205], [205, 206], [205, 208], [213, 215], [213, 216], [216, 218], [216, 221], [221, 223], [221, 225]]}, "ProgressiveOrderCalculator.calculate_step_price": {"executed_lines": [], "summary": {"covered_lines": 0, "num_statements": 12, "percent_covered": 0.0, "percent_covered_display": "0", "missing_lines": 12, "excluded_lines": 0, "num_branches": 6, "num_partial_branches": 0, "covered_branches": 0, "missing_branches": 6}, "missing_lines": [257, 258, 260, 262, 264, 265, 266, 269, 271, 272, 273, 276], "excluded_lines": [], "executed_branches": [], "missing_branches": [[260, 262], [260, 269], [264, 265], [264, 276], [271, 272], [271, 276]]}, "ProgressiveOrderCalculator.get_execution_strategy_description": {"executed_lines": [], "summary": {"covered_lines": 0, "num_statements": 7, "percent_covered": 0.0, "percent_covered_display": "0", "missing_lines": 7, "excluded_lines": 0, "num_branches": 4, "num_partial_branches": 0, "covered_branches": 0, "missing_branches": 4}, "missing_lines": [292, 293, 295, 296, 297, 298, 300], "excluded_lines": [], "executed_branches": [], "missing_branches": [[295, 296], [295, 297], [297, 298], [297, 300]]}, "get_market_urgency_level": {"executed_lines": [], "summary": {"covered_lines": 0, "num_statements": 8, "percent_covered": 0.0, "percent_covered_display": "0", "missing_lines": 8, "excluded_lines": 0, "num_branches": 6, "num_partial_branches": 0, "covered_branches": 0, "missing_branches": 6}, "missing_lines": [313, 314, 316, 321, 323, 324, 326, 329], "excluded_lines": [], "executed_branches": [], "missing_branches": [[313, 314], [313, 321], [321, 323], [321, 324], [324, 326], [324, 329]]}, "": {"executed_lines": [], "summary": {"covered_lines": 0, "num_statements": 19, "percent_covered": 0.0, "percent_covered_display": "0", "missing_lines": 19, "excluded_lines": 0, "num_branches": 0, "num_partial_branches": 0, "covered_branches": 0, "missing_branches": 0}, "missing_lines": [11, 12, 13, 15, 18, 19, 22, 23, 24, 25, 27, 36, 46, 64, 96, 119, 236, 278, 303], "excluded_lines": [], "executed_branches": [], "missing_branches": []}}, "classes": {"OrderExecutionParams": {"executed_lines": [], "summary": {"covered_lines": 0, "num_statements": 1, "percent_covered": 0.0, "percent_covered_display": "0", "missing_lines": 1, "excluded_lines": 0, "num_branches": 0, "num_partial_branches": 0, "covered_branches": 0, "missing_branches": 0}, "missing_lines": [30], "excluded_lines": [], "executed_branches": [], "missing_branches": []}, "ProgressiveOrderCalculator": {"executed_lines": [], "summary": {"covered_lines": 0, "num_statements": 81, "percent_covered": 0.0, "percent_covered_display": "0", "missing_lines": 81, "excluded_lines": 0, "num_branches": 40, "num_partial_branches": 0, "covered_branches": 0, "missing_branches": 40}, "missing_lines": [48, 51, 52, 53, 54, 57, 58, 61, 62, 83, 85, 87, 88, 91, 92, 94, 109, 110, 112, 113, 114, 115, 117, 144, 147, 150, 152, 158, 164, 167, 170, 172, 173, 175, 178, 180, 181, 183, 186, 189, 192, 195, 196, 197, 198, 201, 202, 203, 204, 205, 206, 208, 211, 213, 215, 216, 218, 221, 223, 225, 232, 234, 257, 258, 260, 262, 264, 265, 266, 269, 271, 272, 273, 276, 292, 293, 295, 296, 297, 298, 300], "excluded_lines": [], "executed_branches": [], "missing_branches": [[83, 85], [83, 87], [87, 88], [87, 91], [109, 110], [109, 112], [170, 172], [170, 173], [173, 175], [173, 178], [178, 180], [178, 181], [181, 183], [181, 186], [195, 196], [195, 197], [197, 198], [197, 201], [201, 202], [201, 203], [203, 204], [203, 205], [205, 206], [205, 208], [213, 215], [213, 216], [216, 218], [216, 221], [221, 223], [221, 225], [260, 262], [260, 269], [264, 265], [264, 276], [271, 272], [271, 276], [295, 296], [295, 297], [297, 298], [297, 300]]}, "": {"executed_lines": [], "summary": {"covered_lines": 0, "num_statements": 27, "percent_covered": 0.0, "percent_covered_display": "0", "missing_lines": 27, "excluded_lines": 0, "num_branches": 6, "num_partial_branches": 0, "covered_branches": 0, "missing_branches": 6}, "missing_lines": [11, 12, 13, 15, 18, 19, 22, 23, 24, 25, 27, 36, 46, 64, 96, 119, 236, 278, 303, 313, 314, 316, 321, 323, 324, 326, 329], "excluded_lines": [], "executed_branches": [], "missing_branches": [[313, 314], [313, 321], [321, 323], [321, 324], [324, 326], [324, 329]]}}}, "the_alchemiser/application/reporting.py": {"executed_lines": [1, 3, 4, 6, 7, 8, 11, 62, 117], "summary": {"covered_lines": 8, "num_statements": 64, "percent_covered": 11.11111111111111, "percent_covered_display": "11", "missing_lines": 56, "excluded_lines": 0, "num_branches": 8, "num_partial_branches": 0, "covered_branches": 0, "missing_branches": 8}, "missing_lines": [22, 29, 30, 31, 32, 33, 34, 35, 36, 38, 40, 41, 44, 45, 50, 52, 66, 67, 68, 77, 78, 79, 81, 82, 83, 84, 85, 87, 91, 98, 99, 103, 104, 105, 106, 108, 109, 110, 111, 112, 113, 114, 123, 124, 128, 131, 134, 136, 137, 139, 140, 141, 142, 144, 148, 155], "excluded_lines": [], "executed_branches": [], "missing_branches": [[81, 82], [81, 87], [98, 99], [98, 103], [105, 106], [105, 108], [139, 140], [139, 155]], "functions": {"create_execution_summary": {"executed_lines": [], "summary": {"covered_lines": 0, "num_statements": 16, "percent_covered": 0.0, "percent_covered_display": "0", "missing_lines": 16, "excluded_lines": 0, "num_branches": 0, "num_partial_branches": 0, "covered_branches": 0, "missing_branches": 0}, "missing_lines": [22, 29, 30, 31, 32, 33, 34, 35, 36, 38, 40, 41, 44, 45, 50, 52], "excluded_lines": [], "executed_branches": [], "missing_branches": []}, "save_dashboard_data": {"executed_lines": [], "summary": {"covered_lines": 0, "num_statements": 26, "percent_covered": 0.0, "percent_covered_display": "0", "missing_lines": 26, "excluded_lines": 0, "num_branches": 6, "num_partial_branches": 0, "covered_branches": 0, "missing_branches": 6}, "missing_lines": [66, 67, 68, 77, 78, 79, 81, 82, 83, 84, 85, 87, 91, 98, 99, 103, 104, 105, 106, 108, 109, 110, 111, 112, 113, 114], "excluded_lines": [], "executed_branches": [], "missing_branches": [[81, 82], [81, 87], [98, 99], [98, 103], [105, 106], [105, 108]]}, "build_portfolio_state_data": {"executed_lines": [], "summary": {"covered_lines": 0, "num_statements": 14, "percent_covered": 0.0, "percent_covered_display": "0", "missing_lines": 14, "excluded_lines": 0, "num_branches": 2, "num_partial_branches": 0, "covered_branches": 0, "missing_branches": 2}, "missing_lines": [123, 124, 128, 131, 134, 136, 137, 139, 140, 141, 142, 144, 148, 155], "excluded_lines": [], "executed_branches": [], "missing_branches": [[139, 140], [139, 155]]}, "": {"executed_lines": [1, 3, 4, 6, 7, 8, 11, 62, 117], "summary": {"covered_lines": 8, "num_statements": 8, "percent_covered": 100.0, "percent_covered_display": "100", "missing_lines": 0, "excluded_lines": 0, "num_branches": 0, "num_partial_branches": 0, "covered_branches": 0, "missing_branches": 0}, "missing_lines": [], "excluded_lines": [], "executed_branches": [], "missing_branches": []}}, "classes": {"": {"executed_lines": [1, 3, 4, 6, 7, 8, 11, 62, 117], "summary": {"covered_lines": 8, "num_statements": 64, "percent_covered": 11.11111111111111, "percent_covered_display": "11", "missing_lines": 56, "excluded_lines": 0, "num_branches": 8, "num_partial_branches": 0, "covered_branches": 0, "missing_branches": 8}, "missing_lines": [22, 29, 30, 31, 32, 33, 34, 35, 36, 38, 40, 41, 44, 45, 50, 52, 66, 67, 68, 77, 78, 79, 81, 82, 83, 84, 85, 87, 91, 98, 99, 103, 104, 105, 106, 108, 109, 110, 111, 112, 113, 114, 123, 124, 128, 131, 134, 136, 137, 139, 140, 141, 142, 144, 148, 155], "excluded_lines": [], "executed_branches": [], "missing_branches": [[81, 82], [81, 87], [98, 99], [98, 103], [105, 106], [105, 108], [139, 140], [139, 155]]}}}, "the_alchemiser/application/smart_execution.py": {"executed_lines": [], "summary": {"covered_lines": 0, "num_statements": 231, "percent_covered": 0.0, "percent_covered_display": "0", "missing_lines": 231, "excluded_lines": 22, "num_branches": 68, "num_partial_branches": 0, "covered_branches": 0, "missing_branches": 68}, "missing_lines": [16, 17, 18, 20, 23, 24, 25, 26, 33, 36, 46, 50, 54, 58, 64, 70, 71, 75, 76, 81, 84, 88, 95, 97, 98, 99, 100, 102, 103, 105, 108, 117, 126, 127, 130, 131, 134, 141, 142, 144, 150, 152, 154, 156, 187, 189, 190, 192, 193, 194, 197, 198, 199, 200, 202, 203, 204, 206, 209, 211, 212, 215, 217, 218, 221, 222, 223, 226, 227, 228, 231, 234, 235, 238, 239, 240, 243, 244, 248, 249, 250, 253, 258, 259, 262, 263, 266, 267, 268, 271, 272, 273, 274, 276, 281, 282, 285, 288, 291, 292, 293, 294, 295, 298, 302, 303, 305, 306, 307, 308, 310, 311, 312, 313, 315, 316, 318, 325, 326, 329, 330, 335, 336, 337, 338, 339, 340, 342, 343, 344, 347, 348, 351, 352, 354, 355, 356, 357, 358, 359, 361, 363, 364, 368, 369, 371, 372, 373, 376, 377, 378, 381, 382, 384, 385, 386, 389, 390, 391, 393, 395, 396, 399, 401, 402, 403, 404, 405, 406, 407, 408, 409, 412, 415, 416, 419, 422, 427, 432, 435, 439, 453, 454, 455, 457, 459, 461, 488, 490, 492, 495, 498, 500, 517, 520, 521, 523, 525, 527, 529, 531, 532, 535, 536, 538, 539, 544, 545, 546, 547, 550, 554, 555, 556, 559, 562, 563, 566, 567, 570, 571, 572, 574, 577, 578, 580, 582, 583, 584, 585, 586], "excluded_lines": [44, 45, 48, 49, 52, 53, 56, 57, 62, 63, 68, 69, 73, 74, 78, 79, 80, 86, 87, 92, 93, 94], "executed_branches": [], "missing_branches": [[197, 198], [197, 234], [200, 202], [200, 206], [211, 212], [211, 243], [234, 235], [234, 238], [238, 239], [238, 243], [243, 244], [243, 262], [249, 250], [249, 262], [258, 259], [258, 262], [271, 272], [271, 274], [281, 282], [281, 298], [292, 293], [292, 298], [325, 326], [325, 329], [336, 337], [336, 342], [342, 343], [342, 347], [351, 352], [351, 354], [354, 355], [354, 356], [356, 357], [356, 358], [358, 359], [358, 361], [369, 371], [369, 376], [372, 369], [372, 373], [376, 377], [376, 381], [384, 385], [384, 415], [390, 391], [390, 393], [395, 396], [395, 4
[...]
0", "missing_lines": 42, "excluded_lines": 0, "num_branches": 10, "num_partial_branches": 0, "covered_branches": 0, "missing_branches": 10}, "missing_lines": [9, 10, 11, 12, 13, 14, 16, 18, 19, 22, 32, 33, 34, 35, 37, 38, 39, 40, 41, 43, 45, 46, 47, 50, 51, 52, 54, 58, 61, 62, 63, 65, 67, 73, 77, 79, 86, 90, 92, 99, 103, 105], "excluded_lines": [], "executed_branches": [], "missing_branches": [[37, 38], [37, 61], [43, 45], [43, 50], [45, 46], [45, 47], [51, 52], [51, 54], [61, 62], [61, 63]]}}}, "the_alchemiser/services/secrets_service.py": {"executed_lines": [2, 9, 11, 12, 15, 16, 18, 22], "summary": {"covered_lines": 6, "num_statements": 14, "percent_covered": 37.5, "percent_covered_display": "38", "missing_lines": 8, "excluded_lines": 0, "num_branches": 2, "num_partial_branches": 0, "covered_branches": 0, "missing_branches": 2}, "missing_lines": [20, 35, 37, 38, 39, 45, 47, 51], "excluded_lines": [], "executed_branches": [], "missing_branches": [[37, 38], [37, 47]], "functions": {"SecretsService.__init__": {"executed_lines": [], "summary": {"covered_lines": 0, "num_statements": 1, "percent_covered": 0.0, "percent_covered_display": "0", "missing_lines": 1, "excluded_lines": 0, "num_branches": 0, "num_partial_branches": 0, "covered_branches": 0, "missing_branches": 0}, "missing_lines": [20], "excluded_lines": [], "executed_branches": [], "missing_branches": []}, "SecretsService.get_alpaca_credentials": {"executed_lines": [], "summary": {"covered_lines": 0, "num_statements": 7, "percent_covered": 0.0, "percent_covered_display": "0", "missing_lines": 7, "excluded_lines": 0, "num_branches": 2, "num_partial_branches": 0, "covered_branches": 0, "missing_branches": 2}, "missing_lines": [35, 37, 38, 39, 45, 47, 51], "excluded_lines": [], "executed_branches": [], "missing_branches": [[37, 38], [37, 47]]}, "": {"executed_lines": [2, 9, 11, 12, 15, 16, 18, 22], "summary": {"covered_lines": 6, "num_statements": 6, "percent_covered": 100.0, "percent_covered_display": "100", "missing_lines": 0, "excluded_lines": 0, "num_branches": 0, "num_partial_branches": 0, "covered_branches": 0, "missing_branches": 0}, "missing_lines": [], "excluded_lines": [], "executed_branches": [], "missing_branches": []}}, "classes": {"SecretsService": {"executed_lines": [], "summary": {"covered_lines": 0, "num_statements": 8, "percent_covered": 0.0, "percent_covered_display": "0", "missing_lines": 8, "excluded_lines": 0, "num_branches": 2, "num_partial_branches": 0, "covered_branches": 0, "missing_branches": 2}, "missing_lines": [20, 35, 37, 38, 39, 45, 47, 51], "excluded_lines": [], "executed_branches": [], "missing_branches": [[37, 38], [37, 47]]}, "": {"executed_lines": [2, 9, 11, 12, 15, 16, 18, 22], "summary": {"covered_lines": 6, "num_statements": 6, "percent_covered": 100.0, "percent_covered_display": "100", "missing_lines": 0, "excluded_lines": 0, "num_branches": 0, "num_partial_branches": 0, "covered_branches": 0, "missing_branches": 0}, "missing_lines": [], "excluded_lines": [], "executed_branches": [], "missing_branches": []}}}, "the_alchemiser/services/service_factory.py": {"executed_lines": [1, 3, 5, 6, 9, 10, 12, 14, 15, 21, 22, 40, 41], "summary": {"covered_lines": 11, "num_statements": 21, "percent_covered": 44.0, "percent_covered_display": "44", "missing_lines": 10, "excluded_lines": 0, "num_branches": 4, "num_partial_branches": 0, "covered_branches": 0, "missing_branches": 4}, "missing_lines": [17, 18, 19, 30, 32, 35, 36, 37, 38, 43], "excluded_lines": [], "executed_branches": [], "missing_branches": [[17, 18], [17, 19], [30, 32], [30, 35]], "functions": {"ServiceFactory.initialize": {"executed_lines": [], "summary": {"covered_lines": 0, "num_statements": 3, "percent_covered": 0.0, "percent_covered_display": "0", "missing_lines": 3, "excluded_lines": 0, "num_branches": 2, "num_partial_branches": 0, "covered_branches": 0, "missing_branches": 2}, "missing_lines": [17, 18, 19], "excluded_lines": [], "executed_branches": [], "missing_branches": [[17, 18], [17, 19]]}, "ServiceFactory.create_trading_service_manager": {"executed_lines": [], "summary": {"covered_lines": 0, "num_statements": 6, "percent_covered": 0.0, "percent_covered_display": "0", "missing_lines": 6, "excluded_lines": 0, "num_branches": 2, "num_partial_branches": 0, "covered_branches": 0, "missing_branches": 2}, "missing_lines": [30, 32, 35, 36, 37, 38], "excluded_lines": [], "executed_branches": [], "missing_branches": [[30, 32], [30, 35]]}, "ServiceFactory.get_container": {"executed_lines": [], "summary": {"covered_lines": 0, "num_statements": 1, "percent_covered": 0.0, "percent_covered_display": "0", "missing_lines": 1, "excluded_lines": 0, "num_branches": 0, "num_partial_branches": 0, "covered_branches": 0, "missing_branches": 0}, "missing_lines": [43], "excluded_lines": [], "executed_branches": [], "missing_branches": []}, "": {"executed_lines": [1, 3, 5, 6, 9, 10, 12, 14, 15, 21, 22, 40, 41], "summary": {"covered_lines": 11, "num_statements": 11, "percent_covered": 100.0, "percent_covered_display": "100", "missing_lines": 0, "excluded_lines": 0, "num_branches": 0, "num_partial_branches": 0, "covered_branches": 0, "missing_branches": 0}, "missing_lines": [], "excluded_lines": [], "executed_branches": [], "missing_branches": []}}, "classes": {"ServiceFactory": {"executed_lines": [], "summary": {"covered_lines": 0, "num_statements": 10, "percent_covered": 0.0, "percent_covered_display": "0", "missing_lines": 10, "excluded_lines": 0, "num_branches": 4, "num_partial_branches": 0, "covered_branches": 0, "missing_branches": 4}, "missing_lines": [17, 18, 19, 30, 32, 35, 36, 37, 38, 43], "excluded_lines": [], "executed_branches": [], "missing_branches": [[17, 18], [17, 19], [30, 32], [30, 35]]}, "": {"executed_lines": [1, 3, 5, 6, 9, 10, 12, 14, 15, 21, 22, 40, 41], "summary": {"covered_lines": 11, "num_statements": 11, "percent_covered": 100.0, "percent_covered_display": "100", "missing_lines": 0, "excluded_lines": 0, "num_branches": 0, "num_partial_branches": 0, "covered_branches": 0, "missing_branches": 0}, "missing_lines": [], "excluded_lines": [], "executed_branches": [], "missing_branches": []}}}, "the_alchemiser/services/streaming_service.py": {"executed_lines": [2, 9, 10, 13, 14, 16, 31, 50, 61, 72, 76, 107, 140], "summary": {"covered_lines": 11, "num_statements": 62, "percent_covered": 13.095238095238095, "percent_covered_display": "13", "missing_lines": 51, "excluded_lines": 0, "num_branches": 22, "num_partial_branches": 0, "covered_branches": 0, "missing_branches": 22}, "missing_lines": [25, 26, 27, 28, 29, 33, 34, 38, 41, 42, 43, 44, 46, 47, 48, 52, 53, 54, 55, 56, 57, 59, 68, 69, 70, 74, 86, 88, 91, 93, 96, 97, 98, 99, 102, 103, 105, 117, 123, 126, 127, 128, 129, 130, 131, 134, 135, 136, 138, 142, 143], "excluded_lines": [], "executed_branches": [], "missing_branches": [[41, 42], [41, 43], [52, -50], [52, 53], [69, -61], [69, 70], [86, 88], [86, 102], [97, 98], [97, 102], [102, 103], [102, 105], [126, 127], [126, 134], [127, 128], [127, 134], [129, 130], [129, 134], [135, 136], [135, 138], [142, -140], [142, 143]], "functions": {"StreamingService.__init__": {"executed_lines": [], "summary": {"covered_lines": 0, "num_statements": 5, "percent_covered": 0.0, "percent_covered_display": "0", "missing_lines": 5, "excluded_lines": 0, "num_branches": 0, "num_partial_branches": 0, "covered_branches": 0, "missing_branches": 0}, "missing_lines": [25, 26, 27, 28, 29], "excluded_lines": [], "executed_branches": [], "missing_branches": []}, "StreamingService.start": {"executed_lines": [], "summary": {"covered_lines": 0, "num_statements": 10, "percent_covered": 0.0, "percent_covered_display": "0", "missing_lines": 10, "excluded_lines": 0, "num_branches": 2, "num_partial_branches": 0, "covered_branches": 0, "missing_branches": 2}, "missing_lines": [33, 34, 38, 41, 42, 43, 44, 46, 47, 48], "excluded_lines": [], "executed_branches": [], "missing_branches": [[41, 42], [41, 43]]}, "StreamingService.stop": {"executed_lines": [], "summary": {"covered_lines": 0, "num_statements": 7, "percent_covered": 0.0, "percent_covered_display": "0", "missing_lines": 7, "excluded_lines": 0, "num_branches": 2, "num_partial_branches": 0, "covered_branches": 0, "missing_branches": 2}, "missing_lines": [52, 53, 54, 55, 56, 57, 59], "excluded_lines": [], "executed_branches": [], "missing_branches": [[52, -50], [52, 53]]}, "StreamingService.set_fallback_provider": {"executed_lines": [], "summary": {"covered_lines": 0, "num_statements": 3, "percent_covered": 0.0, "percent_covered_display": "0", "missing_lines": 3, "excluded_lines": 0, "num_branches": 2, "num_partial_branches": 0, "covered_branches": 0, "missing_branches": 2}, "missing_lines": [68, 69, 70], "excluded_lines": [], "executed_branches": [], "missing_branches": [[69, -61], [69, 70]]}, "StreamingService.is_connected": {"executed_lines": [], "summary": {"covered_lines": 0, "num_statements": 1, "percent_covered": 0.0, "percent_covered_display": "0", "missing_lines": 1, "excluded_lines": 0, "num_branches": 0, "num_partial_branches": 0, "covered_branches": 0, "missing_branches": 0}, "missing_lines": [74], "excluded_lines": [], "executed_branches": [], "missing_branches": []}, "StreamingService.get_current_price": {"executed_lines": [], "summary": {"covered_lines": 0, "num_statements": 11, "percent_covered": 0.0, "percent_covered_display": "0", "missing_lines": 11, "excluded_lines": 0, "num_branches": 6, "num_partial_branches": 0, "covered_branches": 0, "missing_branches": 6}, "missing_lines": [86, 88, 91, 93, 96, 97, 98, 99, 102, 103, 105], "excluded_lines": [], "executed_branches": [], "missing_branches": [[86, 88], [86, 102], [97, 98], [97, 102], [102, 103], [102, 105]]}, "StreamingService.get_current_price_for_order": {"executed_lines": [], "summary": {"covered_lines": 0, "num_statements": 12, "percent_covered": 0.0, "percent_covered_display": "0", "missing_lines": 12, "excluded_lines": 0, "num_branches": 8, "num_partial_branches": 0, "covered_branches": 0, "missing_branches": 8}, "missing_lines": [117, 123, 126, 127, 128, 129, 130, 131, 134, 135, 136, 138], "excluded_lines": [], "executed_branches": [], "missing_branches": [[126, 127], [126, 134], [127, 128], [127, 134], [129, 130], [129, 134], [135, 136], [135, 138]]}, "StreamingService.subscribe_for_trading": {"executed_lines": [], "summary": {"covered_lines": 0, "num_statements": 2, "percent_covered": 0.0, "percent_covered_display": "0", "missing_lines": 2, "excluded_lines": 0, "num_branches": 2, "num_partial_branches": 0, "covered_branches": 0, "missing_branches": 2}, "missing_lines": [142, 143], "excluded_lines": [], "executed_branches": [], "missing_branches": [[142, -140], [142, 143]]}, "": {"executed_lines": [2, 9, 10, 13, 14, 16, 31, 50, 61, 72, 76, 107, 140], "summary": {"covered_lines": 11, "num_statements": 11, "percent_covered": 100.0, "percent_covered_display": "100", "missing_lines": 0, "excluded_lines": 0, "num_branches": 0, "num_partial_branches": 0, "covered_branches": 0, "missing_branches": 0}, "missing_lines": [], "excluded_lines": [], "executed_branches": [], "missing_branches": []}}, "classes": {"StreamingService": {"executed_lines": [], "summary": {"covered_lines": 0, "num_statements": 51, "percent_covered": 0.0, "percent_covered_display": "0", "missing_lines": 51, "excluded_lines": 0, "num_branches": 22, "num_partial_branches": 0, "covered_branches": 0, "missing_branches": 22}, "missing_lines": [25, 26, 27, 28, 29, 33, 34, 38, 41, 42, 43, 44, 46, 47, 48, 52, 53, 54, 55, 56, 57, 59, 68, 69, 70, 74, 86, 88, 91, 93, 96, 97, 98, 99, 102, 103, 105, 117, 123, 126, 127, 128, 129, 130, 131, 134, 135, 136, 138, 142, 143], "excluded_lines": [], "executed_branches": [], "missing_branches": [[41, 42], [41, 43], [52, -50], [52, 53], [69, -61], [69, 70], [86, 88], [86, 102], [97, 98], [97, 102], [102, 103], [102, 105], [126, 127], [126, 134], [127, 128], [127, 134], [129, 130], [129, 134], [135, 136], [135, 138], [142, -140], [142, 143]]}, "": {"executed_lines": [2, 9, 10, 13, 14, 16, 31, 50, 61, 72, 76, 107, 140], "summary": {"covered_lines": 11, "num_statements": 11, "percent_covered": 100.0, "percent_covered_display": "100", "missing_lines": 0, "excluded_lines": 0, "num_branches": 0, "num_partial_branches": 0, "covered_branches": 0, "missing_branches": 0}, "missing_lines": [], "excluded_lines": [], "executed_branches": [], "missing_branches": []}}}, "the_alchemiser/services/trading_client_service.py": {"executed_lines": [2, 12, 13, 15, 18, 19, 21, 35, 36, 40, 65], "summary": {"covered_lines": 9, "num_statements": 38, "percent_covered": 18.0, "percent_covered_display": "18", "missing_lines": 29, "excluded_lines": 0, "num_branches": 12, "num_partial_branches": 0, "covered_branches": 0, "missing_branches": 12}, "missing_lines": [30, 31, 32, 33, 38, 50, 51, 53, 54, 55, 56, 59, 61, 62, 63, 75, 76, 78, 79, 80, 81, 82, 83, 84, 86, 87, 89, 90, 91], "excluded_lines": [], "executed_branches": [], "missing_branches": [[53, 54], [53, 55], [55, 56], [55, 59], [78, -65], [78, 79], [80, 81], [80, 87], [81, 82], [81, 83], [83, 84], [83, 86]], "functions": {"TradingClientService.__init__": {"executed_lines": [], "summary": {"covered_lines": 0, "num_statements": 4, "percent_covered": 0.0, "percent_covered_display": "0", "missing_lines": 4, "excluded_lines": 0, "num_branches": 0, "num_partial_branches": 0, "covered_branches": 0, "missing_branches": 0}, "missing_lines": [30, 31, 32, 33], "excluded_lines": [], "executed_branches": [], "missing_branches": []}, "TradingClientService.client": {"executed_lines": [], "summary": {"covered_lines": 0, "num_statements": 1, "percent_covered": 0.0, "percent_covered_display": "0", "missing_lines": 1, "excluded_lines": 0, "num_branches": 0, "num_partial_branches": 0, "covered_branches": 0, "missing_branches": 0}, "missing_lines": [38], "excluded_lines": [], "executed_branches": [], "missing_branches": []}, "TradingClientService.get_account_info": {"executed_lines": [], "summary": {"covered_lines": 0, "num_statements": 10, "percent_covered": 0.0, "percent_covered_display": "0", "missing_lines": 10, "excluded_lines": 0, "num_branches": 4, "num_partial_branches": 0, "covered_branches": 0, "missing_branches": 4}, "missing_lines": [50, 51, 53, 54, 55, 56, 59, 61, 62, 63], "excluded_lines": [], "executed_branches": [], "missing_branches": [[53, 54], [53, 55], [55, 56], [55, 59]]}, "TradingClientService.get_all_positions": {"executed_lines": [], "summary": {"covered_lines": 0, "num_statements": 14, "percent_covered": 0.0, "percent_covered_display": "0", "missing_lines": 14, "excluded_lines": 0, "num_branches": 8, "num_partial_branches": 0, "covered_branches": 0, "missing_branches": 8}, "missing_lines": [75, 76, 78, 79, 80, 81, 82, 83, 84, 86, 87, 89, 90, 91], "excluded_lines": [], "executed_branches": [], "missing_branches": [[78, -65], [78, 79], [80, 81], [80, 87], [81, 82], [81, 83], [83, 84], [83, 86]]}, "": {"executed_lines": [2, 12, 13, 15, 18, 19, 21, 35, 36, 40, 65], "summary": {"covered_lines": 9, "num_statements": 9, "percent_covered": 100.0, "percent_covered_display": "100", "missing_lines": 0, "excluded_lines": 0, "num_branches": 0, "num_partial_branches": 0, "covered_branches": 0, "missing_branches": 0}, "missing_lines": [], "excluded_lines": [], "executed_branches": [], "missing_branches": []}}, "classes": {"TradingClientService": {"executed_lines": [], "summary": {"covered_lines": 0, "num_statements": 29, "percent_covered": 0.0, "percent_covered_display": "0", "missing_lines": 29, "excluded_lines": 0, "num_branches": 12, "num_partial_branches": 0, "covered_branches": 0, "missing_branches": 12}, "missing_lines": [30, 31, 32, 33, 38, 50, 51, 53, 54, 55, 56, 59, 61, 62, 63, 75, 76, 78, 79, 80, 81, 82, 83, 84, 86, 87, 89, 90, 91], "excluded_lines": [], "executed_branches": [], "missing_branches": [[53, 54], [53, 55], [55, 56], [55, 59], [78, -65], [78, 79], [80, 81], [80, 87], [81, 82], [81, 83], [83, 84], [83, 86]]}, "": {"executed_lines": [2, 12, 13, 15, 18, 19, 21, 35, 36, 40, 65], "summary": {"covered_lines": 9, "num_statements": 9, "percent_covered": 100.0, "percent_covered_display": "100", "missing_lines": 0, "excluded_lines": 0, "num_branches": 0, "num_partial_branches": 0, "covered_branches": 0, "missing_branches": 0}, "missing_lines": [], "excluded_lines": [], "executed_branches": [], "missing_branches": []}}}, "the_alchemiser/utils/common.py": {"executed_lines": [1, 7, 10, 11, 27, 28, 29], "summary": {"covered_lines": 5, "num_statements": 5, "percent_covered": 100.0, "percent_covered_display": "100", "missing_lines": 0, "excluded_lines": 0, "num_branches": 0, "num_partial_branches": 0, "covered_branches": 0, "missing_branches": 0}, "missing_lines": [], "excluded_lines": [], "executed_branches": [], "missing_branches": [], "functions": {"": {"executed_lines": [1, 7, 10, 11, 27, 28, 29], "summary": {"covered_lines": 5, "num_statements": 5, "percent_covered": 100.0, "percent_covered_display": "100", "missing_lines": 0, "excluded_lines": 0, "num_branches": 0, "num_partial_branches": 0, "covered_branches": 0, "missing_branches": 0}, "missing_lines": [], "excluded_lines": [], "executed_branches": [], "missing_branches": []}}, "classes": {"ActionType": {"executed_lines": [], "summary": {"covered_lines": 0, "num_statements": 0, "percent_covered": 100.0, "percent_covered_display": "100", "missing_lines": 0, "excluded_lines": 0, "num_branches": 0, "num_partial_branches": 0, "covered_branches": 0, "missing_branches": 0}, "missing_lines": [], "excluded_lines": [], "executed_branches": [], "missing_branches": []}, "": {"executed_lines": [1, 7, 10, 11, 27, 28, 29], "summary": {"covered_lines": 5, "num_statements": 5, "percent_covered": 100.0, "percent_covered_display": "100", "missing_lines": 0, "excluded_lines": 0, "num_branches": 0, "num_partial_branches": 0, "covered_branches": 0, "missing_branches": 0}, "missing_lines": [], "excluded_lines": [], "executed_branches": [], "missing_branches": []}}}, "the_alchemiser/utils/num.py": {"executed_lines": [1, 2, 4, 5, 10], "summary": {"covered_lines": 5, "num_statements": 9, "percent_covered": 45.45454545454545, "percent_covered_display": "45", "missing_lines": 4, "excluded_lines": 4, "num_branches": 2, "num_partial_branches": 0, "covered_branches": 0, "missing_branches": 2}, "missing_lines": [12, 13, 14, 17], "excluded_lines": [6, 7, 15, 16], "executed_branches": [], "missing_branches": [[13, 14], [13, 17]], "functions": {"floats_equal": {"executed_lines": [], "summary": {"covered_lines": 0, "num_statements": 4, "percent_covered": 0.0, "percent_covered_display": "0", "missing_lines": 4, "excluded_lines": 2, "num_branches": 2, "num_partial_branches": 0, "covered_branches": 0, "missing_branches": 2}, "missing_lines": [12, 13, 14, 17], "excluded_lines": [15, 16], "executed_branches": [], "missing_branches": [[13, 14], [13, 17]]}, "": {"executed_lines": [1, 2, 4, 5, 10], "summary": {"covered_lines": 5, "num_statements": 5, "percent_covered": 100.0, "percent_covered_display": "100", "missing_lines": 0, "excluded_lines": 2, "num_branches": 0, "num_partial_branches": 0, "covered_branches": 0, "missing_branches": 0}, "missing_lines": [], "excluded_lines": [6, 7], "executed_branches": [], "missing_branches": []}}, "classes": {"": {"executed_lines": [1, 2, 4, 5, 10], "summary": {"covered_lines": 5, "num_statements": 9, "percent_covered": 45.45454545454545, "percent_covered_display": "45", "missing_lines": 4, "excluded_lines": 4, "num_branches": 2, "num_partial_branches": 0, "covered_branches": 0, "missing_branches": 2}, "missing_lines": [12, 13, 14, 17], "excluded_lines": [6, 7, 15, 16], "executed_branches": [], "missing_branches": [[13, 14], [13, 17]]}}}}, "totals": {"covered_lines": 1941, "num_statements": 11124, "percent_covered": 14.104021600113684, "percent_covered_display": "14", "missing_lines": 9183, "excluded_lines": 113, "num_branches": 2950, "num_partial_branches": 28, "covered_branches": 44, "missing_branches": 2906}}